['aag', 'aet', 'afa', 'ags', 'aab', 'ahk', 'agr', 'adf', 'aeq', 'ahi', 'acn', 'agi', 'aea', 'ada', 'abm', 'afr', 'adi', 'aft', 'aam', 'afq', 'afg', 'aad', 'aej', 'ahd', 'abi', 'acc', 'acm', 'adh', 'acq', 'afx', 'agn', 'aap', 'aie', 'aif', 'acr', 'ahc', 'acg', 'adj']
['abf', 'adk', 'aes', 'aep', 'ack', 'aco', 'abp', 'aed', 'afb', 'afm', 'adc', 'abz', 'aau', 'aci', 'adz', 'abs', 'abb', 'afy', 'aao', 'adq', 'aaz', 'acx', 'afw', 'abc', 'aak', 'afv', 'abe', 'acs', 'afp', 'aar', 'abx', 'aex', 'afh', 'aeh', 'aew', 'adg', 'adw', 'aem']
['abq', 'aai', 'acd', 'abh', 'aac', 'aca', 'ach', 'acf', 'acb', 'abn', 'aal', 'aat', 'aax', 'acp', 'aay', 'abo', 'act', 'adt', 'adl', 'adr', 'aaj', 'ace', 'adn', 'aav', 'abl', 'ade', 'abv', 'abt', 'aaw', 'aba', 'aae', 'abk', 'adm', 'aei', 'aaf', 'acz', 'acl', 'aek']
['ady', 'abr', 'acu', 'ahl', 'agf', 'aij', 'aey', 'aef', 'ajt', 'aev', 'aip', 'aiy', 'ajs', 'adv', 'aje', 'aeb', 'aht', 'ajg', 'ajm', 'aec', 'adp', 'aer', 'ajv', 'acj', 'akl', 'akm', 'aiu', 'aia', 'aeu', 'akv', 'akf', 'akw', 'aiw', 'ahq', 'akq', 'aju', 'ajx', 'afn']
['aii', 'ais', 'ahe', 'aji', 'ald', 'alh', 'agk', 'ahj', 'alb', 'alt', 'ajf', 'akk', 'akr', 'alu', 'ahp', 'ajr', 'alr', 'alz', 'aks', 'ahf', 'ajl', 'aly', 'akj', 'akn', 'amn', 'alj', 'amq', 'ahh', 'akg', 'alx', 'alv', 'amy', 'aik', 'aix', 'alg', 'aky', 'amb', 'alk']
['ama', 'amj', 'alo', 'anr', 'amv', 'amz', 'ajp', 'ake', 'alw', 'anz', 'anm', 'alp', 'anx', 'anb', 'alc', 'anj', 'aop', 'amd', 'aoo', 'aos', 'amr', 'ana', 'ant', 'amw', 'aom', 'alm', 'anl', 'aol', 'apc', 'aox', 'anh', 'aoq', 'amm', 'aoz', 'ang', 'apg', 'apk', 'apm']
['and', 'aon', 'ann', 'apu', 'apj', 'amx', 'aqc', 'ano', 'anp', 'apf', 'apd', 'aqb', 'aov', 'aqg', 'aoi', 'aoh', 'apq', 'apt', 'aoj', 'aqn', 'aqp', 'app', 'aqk', 'aph', 'aqi', 'apo', 'apy', 'aqa', 'aqv', 'apr', 'aqm', 'aqx', 'apl', 'apz', 'arc', 'apw', 'aqs', 'arg']
['apx', 'aqj', 'ara', 'aqu', 'aqf', 'ari', 'aqz', 'are', 'aqd', 'arb', 'arl', 'arj', 'arh', 'ard', 'ads', 'abg', 'adx', 'aan', 'adu', 'ado', 'agj', 'afz', 'agg', 'agh', 'abu', 'acy', 'aee', 'aby', 'agb', 'agq', 'agz', 'aah', 'acw', 'afd', 'ahn', 'agv', 'add', 'acv']
['arm', 'aaq', 'agt', 'abw', 'afe', 'age', 'ahg', 'agw', 'agl', 'aaa', 'abj', 'aha', 'aas', 'abd', 'aga', 'ahv', 'ahy', 'ajc', 'agc', 'aic', 'ail', 'ahz', 'ahs', 'aig', 'afj', 'afs', 'adb', 'aiz', 'ahm', 'afi', 'ahw', 'aeg', 'agy', 'aih', 'akh', 'afc', 'aez', 'agd']
['arn', 'aen', 'aeo', 'afl', 'ahb', 'aim', 'ajz', 'aff', 'akc', 'agx', 'aiq', 'afo', 'aiv', 'akd', 'ahr', 'afk', 'ael', 'akb', 'ajb', 'agu', 'ait', 'aib', 'ajj', 'ajq', 'alf', 'ago', 'ali', 'ajw', 'aki', 'akp', 'aln', 'agp', 'air', 'ajy', 'afu', 'amc', 'agm', 'ahu']
['arp', 'aja', 'aid', 'aio', 'aho', 'ala', 'akz', 'ahx', 'ale', 'amf', 'ajh', 'aka', 'all', 'ain', 'amh', 'ame', 'ajn', 'ajd', 'ani', 'ako', 'ams', 'ajo', 'als', 'amt', 'amu', 'ajk', 'amg', 'ami', 'anc', 'aof', 'aog', 'aoc', 'akx', 'alq', 'aod', 'ank', 'aku', 'anv']
['art', 'akt', 'amk', 'anf', 'ane', 'anu', 'aoa', 'aoe', 'aok', 'aml', 'ans', 'amo', 'anq', 'amp', 'apa', 'aob', 'aps', 'ape', 'aou', 'any', 'anw', 'aor', 'apb', 'aow', 'aot', 'aqo', 'api', 'apn', 'apv', 'aqh', 'aoy', 'aqe', 'aqq', 'aqt', 'arf', 'aqr', 'aqy', 'aql']
['aru', 'arr', 'ars', 'aro', 'aqw', 'ark', 'arq']
['arv']
['arw']
['arx']
['ary']
['arz']
['asa']
['asb']
['asc']
['asd']
['ase']
['asf']
['asg']
['ash']
['asi']
['asj']
['ask']
['asl']
['asm']
['asn']
['aso']
['asp']
['asq']
['asr']
['ass']
['ast']
['asu']
['asv']
['asw']
['asx']
['asy']
['asz']
['ata']
['atb']
['atc']
['atd']
['ate']
['atf']
