['00m', 'xz4', 'TUB', 'CU9', 'kiK', 'hiF', 'Tn8', '6ro', 'JcP', 'mFO', 'ZVF', 'EJD']
['1gc', 'mUL', 'sfk', 'a4K', 'Z7b', 'AK4', 'VoJ', 'wqW', 'Hxo', 'Jla', 'QDa', 'x86']
['5U2', 'WXJ', 'SiL', 'YEe', 'mIe', 'tfQ', 'sKX', 'zTH', '3kn', 'Itn', 'G2k', 'Fmb']
['5n5', '1xS', '2mv', 'h6l', 'h3r', 'jWX', 'Kn8', 'JyM', 'Hbr', '6pB', 'iTo', 'X5a']
['6Ip', 'ttO', 'XMr', 'mcI', 'WLo', '0ID', 'LTB', 'EJa', '4fp', '0oy', 'mLF', '2UA']
['81k', 'Hi0', 'X5J', 'XlR', 'YBr', '1uW', 'hdp', '9F9', 'ewc', 'eGG', 'ULj', 'uGP']
['8uu', 'Swe', 'jEj', 'Ke0', 'O2z', 'nQj', 'mGb', 'iFt', 'JWV', 'g08', 'uZt', 'lsG']
['96X', '8nm', 'rGT', 'euj', 'u9Q', 'D40', 'NiX', 'J8r', 'IZQ', 'rMd', 'jGk', 'qkE']
['9NA', 'yAp', 'PQT', '5jv', '2vJ', 'pTi', 'bLd', 'gWT', 'j3s', 'uii', 's6M', 'xxJ']
['BV4', 'lKO', 'AHs', 'Bfu', 'Wmv', '1RB', 'UmG', 'm5j', 'L1u', 'B99', '4KN', 'WB2']
['CwC', 'fQ3', 'EoI', 'PPi', 'ptf', 'xRH', 'u1N', 'pf5', 'aTI', 'oSh', 'W4L', 'Hyj']
['Epk', '6Hl', 'AKr', 'Xim', 'W2Z', 'kZ0', 'ZxX', 'tK7', '5qS', 'Afe', 'emD', 'hct']
['HkK', '0RD', 'bDO', 'gEU', '0Qs', 'iW8', 'uQL', 'IU6', 'JfN', 'oPH', 'JVP', 'tm4']
['KRy', 'W8n', 'FkC', 'hYw', 'SMj', 'ZQL', 'Ql9', '8j5', 'SV9', 'PJa', 'YFC', 'gTC']
['Y2z', 'bA6', 'Twl', 'SFn', 'FbA', 'N08', 'H68', '6sH', 'UDc', 'VVW', 'b7z', 'qmj']
['Zc5', 'XHa', '8VG', 'Ihb', 'MQT', 'ISX', 'IJ1', 'bAf', 'xpw', 'QEF', 'GUX', '5Li']
['btz', 'gVV', '4Nd', 'wwD', 'fFJ', 'Gu6', 'MNb', 'x8V', 'QhQ', 'I2i', 'Eou', 's1n']
['c3v', 'Ns3', '4p5', 'PoH', 'F9o', 'Jgp', '27J', 'iba', 'psG', '28R', 'oak', 'cFa']
['e8d', 'i9C', 'VZ7', 'e6S', 'ZY3', 'rC8', 'cEk', '9ug', 'rmu', 'gfv', '4gy', 'czy']
['hHB', 'PiG', 'uH4', 'gkI', 'BPL', 'NGB', 'klv', 'U0P', 'dNX', 'YMC', 'kte', 'NXP']
['iS6', 'aLB', 'WLk', '5i6', 'PlJ', 'Qti', 'MrD', 'xx7', '8uz', 'fFE', 'Fws', 'd60']
['kYz', 'UPL', 'wgA', 'cmd', 'GpL', 'vyM', 'b99', 'U0Z', 'txp', 'dvU', '70K', 'zfK']
['mRG', 'e8H', 'b9f', 'OCL', '5zB', 'stN', 'I2S', 'AcJ', 'BDE', 'VAV', '4LY', '6na']
['nQv', 'HWv', 'kT2', 'dlb', 'SmS', 'YNK']
['nRH']
['nf5', 'nc0', 'iiE', 'X9s', 'tEu', 'Qa3', 'tKI', 'vJC', 'nqI', '1QY', 'gEp', 'Ot9']
['oUs', 'etm', '0gI', 'blA', '3QX', 'P8b', 'qPq', '1aX', 'VPb', 'DoC', 'dSZ', '17Q']
['qLD', 'VCH', 'slQ', 'NqO', 'uVg', 'xqY', 'xLA', 'YUZ', 'ZFU', 'upV', 'H9O', 'aZv']
['rXN', 'qDy', 'E2A', 'Qyh', 'D5B', 'hQH', 'HvR', 'FEQ', 'KZy', 'rgC', 'U4K', 'iGU']
['rYU', 'n99', 'ZNv', 'KS2', 'Mvm', 'NyP', 'yLV', 'nkl', 'LiP', 'mLL', 'USE', 'zgJ']
['rz4', 'Pas', 'FzE', 'gE4', 'oSw', 'fKV', 'wGp', 'v6U', 'i4H']
['ux2', '69w', 'tFU', 'f9z', 'PqY', 'dLc', 'zEh', 'Qtt', 's3z', '4nb', 'KGR', 'JYa']
['z1H']
['zfD', 'cDc', 'oZQ', 'JLF', '19T', 'AJT', 'tpP', 'GRw', 'a55', 'vca', 'CYA', 'jFu']
['ziA']
