['Aili', 'Aubine', 'Angel', 'Charyl', 'Bessy', 'Camel', 'Catharine', 'Bellanca', 'Caril', 'Addi']
['Aimil', 'Benetta', 'Angelina', 'Blinnie', 'Anica', 'Ardeen', 'Cherrita', 'Aveline', 'Chelsy', 'Abby']
['Alissa', 'Calida', 'Allegra', 'Casandra', 'Carmine', 'Barbabra', 'Caralie', 'Ashlie', 'Beatrice', 'Catherine']
['Alix', 'Cami', 'Brandy', 'Cheslie', 'Christabella', 'Cassy', 'Andriana', 'Ardene', 'Bobby', 'Annora']
['Amy', 'Athena', 'Catlaina', 'Anastassia', 'Caren', 'Bernadine', 'Bamby', 'Bunni', 'Aurore', 'Andrea']
['Analiese', 'Alvira', 'Carena', 'Carlye', 'Ailene', 'Alyda', 'Catie', 'Charity', 'Bonnee', 'Chiquia']
['Annamaria', 'Annadiane', 'Abra', 'Christye', 'Adoree', 'Berni', 'Austina', 'Anthiathia', 'Cherye', 'Anallese']
['Arlie', 'Bobinette', 'April', 'Bert', 'Caryl', 'Annabela', 'David', 'Christal', 'Blythe', 'Amargo']
['Arlina', 'Alverta', 'Chanda', 'Anni', 'Aeriel', 'Auroora', 'Annelise', 'Celestine', 'Angela', 'Candra']
['Ashli', 'Alice', 'Brigid', 'Berty', 'Belva', 'Bernardina', 'Christel', 'Ariela', 'Barbey', 'Almeda']
['Asia', 'Alayne', 'Catlee', 'Bill', 'Agace', 'Carolina', 'Astrix', 'Bobette', 'Brier', 'Billy']
['Babara', 'Avis', 'Barbaraanne', 'Alicea', 'Ambur', 'Billie', 'Charmion', 'Alys', 'Ada', 'Penny']
['Babbie', 'Ali', 'Alexandrina', 'Cammi', 'Anabelle', 'Anatola', 'Alie', 'Callida', 'Bess', 'Cariotta']
['Babs', 'Berri', 'Bobbie', 'Alikee', 'Carri', 'Charleen', 'Alysa', 'Chiarra', 'Bernete', 'Aaren']
['Berna', 'Annabel', 'Carlyn', 'Beverie', 'Angil', 'Cammy', 'Berta', 'Binni', 'Bibbie', 'Bobbee']
['Bernardine', 'Annabelle', 'Amanda', 'Babbette', 'Allissa', 'Ardella', 'Ardra', 'Bettine', 'Agatha', 'Candis']
['Betteann', 'Arliene', 'Anastasia', 'Carlynn', 'Cody', 'Adelice', 'Augusta', 'Agnola', 'Aile', 'Aliza']
['Betty', 'Anabal', 'Charin', 'Carolyn', 'Allix', 'Cacilia', 'Celestyn', 'Bliss', 'Carina', 'Betti']
['Brandi', 'Cesya', 'Carmel', 'Caro', 'Carlee', 'Cherise', 'Anet', 'Camella', 'Antoinette', 'Christan']
['Bren', 'Carrissa', 'Bobbye', 'Belita', 'Alisun', 'Alanah', 'Anne', 'Caron', 'Carmelita', 'Adorne']
['Brigida', 'Christyna', 'Charlot', 'Angie', 'Cele', 'Bertine', 'Andree', 'Adelheid', 'Celie', 'Andi']
['Bryna', 'Brittaney', 'Caroljean', 'Cathrine', 'Ashlen', 'Aurelea', 'Calla', 'Arlene', 'Aubrette', 'Anjela']
['Bunny', 'Brandie', 'Casie', 'Brandea', 'Alexi', 'Alexia', 'Billi', 'Brandise', 'Bethany']
['Calli']
['Caryn', 'Audy', 'Cassondra', 'Athene', 'Chelsey', 'Barbra', 'Babette', 'Catriona', 'Bride', 'Babita']
['Cherilyn', 'Bridgette', 'Benita', 'Carole', 'Ara', 'Alejandra', 'Blanche', 'Blancha', 'Amabel', 'Cal']
