['ACP', 'SYQ', 'JKL', 'QMI', 'YKQ', 'NPS', 'RNM', 'YUG', 'LJA', 'HZF', 'VXB', 'DZR', 'QBJ', 'RXD', 'EDD', 'PDU', 'YYC', 'HUN', 'XEO', 'EZU', 'UMO', 'VYF', 'SNM', 'FUR', 'PVS']
['CIH', 'LLX', 'PAX', 'MWQ', 'UIO', 'DTU', 'BFH', 'RZW', 'MBZ', 'IIT', 'GUN', 'WWL', 'AHE', 'QZB', 'QLI', 'KLZ', 'CYA', 'HYW', 'YYG', 'WHJ', 'JVR', 'MAC', 'POJ', 'XXQ', 'WKY']
['CNU', 'HXZ', 'VTH', 'NGI', 'QAM', 'JZY', 'HIG', 'ONX', 'RKH', 'WMY', 'IPG', 'ZCY', 'YYU', 'SGT', 'JDC', 'EBA', 'ECG', 'PGO', 'AMV', 'YOA', 'YVQ', 'RUR', 'GGM', 'FDS', 'IPV']
['FTL', 'OII', 'PTX', 'ALI', 'QCJ', 'FCU', 'SNS', 'WLU', 'EDP', 'FJH', 'DAW', 'LUT', 'YHX', 'JHO', 'VFM', 'AJB', 'YYJ', 'XEN', 'TWL', 'GMF', 'LHQ', 'YER', 'RJS', 'FXX', 'FXI']
['FXH', 'WGY', 'HPV', 'KXZ', 'TSS', 'PAU', 'SCK', 'CRF', 'PME', 'BCW', 'LWA', 'LXJ', 'GXJ', 'KJN', 'RUP', 'NDJ', 'RNU', 'GUT', 'JMO', 'ZCF', 'BZI', 'MJV', 'YTQ', 'YAR', 'GYM']
['HQB', 'LBW', 'HBC', 'JME', 'DCZ', 'TFT', 'XKQ', 'JWQ', 'UKO', 'GGA', 'VWR', 'PAS', 'MOH', 'VMJ', 'GBL', 'XOE', 'AWX', 'SDF', 'SUT', 'WED', 'JJB', 'JXM', 'JII', 'DRX', 'QQN']
['INO', 'LMU', 'UTL', 'KNZ', 'QJK', 'HGF', 'VQR', 'CDW', 'YKF', 'ZKY', 'HGD', 'ZNQ', 'PVQ', 'UOM', 'GPL', 'HJA', 'KUO', 'DFW', 'IIY', 'FJL', 'AYJ', 'GWT', 'EWG', 'SNW', 'UZY']
['JOQ', 'GUQ', 'WJS', 'BTJ', 'TUK', 'IAM', 'IUE', 'FSW', 'IDJ', 'IDO', 'GGP', 'RBJ', 'QYA', 'CHA', 'BIN', 'WYK', 'ZPA', 'KVY', 'OVZ', 'APD', 'LHD', 'TQM', 'NDB', 'MED', 'ZRO']
['MLH', 'JTZ', 'IKW', 'OFJ', 'RYT', 'KZQ', 'OZT', 'CFJ', 'FWB', 'UKF', 'GLR', 'ARV', 'WIF', 'WWT', 'QTR', 'FWN', 'QFE', 'CXP', 'YSD', 'UDD', 'JMT', 'NNG', 'NSI', 'TBT', 'YLS']
['PMO', 'KSW', 'IKN', 'SRB', 'YTR', 'UGW', 'KVD', 'QIB', 'KAJ', 'HXF', 'VRD', 'MJR', 'UEN', 'FQC', 'DTS', 'EOF', 'EEA', 'LZI', 'YKR', 'MVB', 'SUQ', 'CAO', 'ELJ', 'TMR', 'SUP']
['QVI', 'CCY', 'LZP', 'BDX', 'GUR', 'UZU', 'RYE', 'FWA', 'TFN', 'RKO', 'FTI', 'BCI', 'ZFU', 'JUQ', 'JZA', 'GPH', 'SFK', 'MCI', 'NUG', 'CDZ', 'DOT', 'SCX', 'TDJ', 'OEN', 'ZGL']
['RIA', 'MUV', 'QLH', 'LTC', 'VFV', 'HCD', 'ROL', 'GSB', 'MIE', 'YPX', 'QTQ', 'PCL', 'CGD', 'ACJ', 'NDI', 'WZL', 'QTJ', 'AUL', 'ASO', 'QNG', 'WER', 'BRY', 'KLS', 'ESU', 'NXI']
['SGO', 'XNY', 'SFJ', 'KDV', 'NWB', 'POC', 'ZFO', 'TVY', 'ABC', 'WUI', 'YDT', 'VWX', 'LGP', 'QIK', 'OHR', 'YDL', 'RIX', 'NJD', 'NLS', 'MUL', 'XVQ', 'NHA', 'DHT', 'DMN', 'UNW']
['SMM', 'WCD', 'KEQ', 'SFB', 'UHU', 'NGH', 'PJW', 'LWH', 'CHR', 'EUK', 'TQB', 'PYK', 'FMU', 'LZE', 'JXZ', 'YSM', 'DMP', 'WJI', 'FOW', 'PGE', 'VAC', 'HTW', 'SCS', 'WDF', 'XIY']
['VMW', 'XRV', 'IPY', 'KLM', 'IYH', 'ZBU', 'ZQN', 'DTW', 'CFP', 'JZV', 'VZX', 'YSP', 'NOP', 'OXU', 'QDB', 'BHL', 'FKU', 'SRP', 'RDG', 'JGS', 'QRE', 'DAT', 'ZBF', 'IPK', 'IKB']
['WSD', 'NXU', 'FTE', 'EAA', 'PON', 'WCB', 'WTX', 'AYK', 'BLK', 'NFI', 'SQR', 'FPT', 'KMD', 'TFQ', 'RSJ', 'EKJ', 'TMD', 'YEN', 'MYN', 'CEY', 'PKK', 'DJA', 'PIL', 'IEK', 'ELO']
['XHQ', 'SCZ', 'ALG', 'IUY', 'BJR', 'ZIT', 'XQI', 'TBN', 'XPW', 'HNC', 'OLD', 'XCX', 'FCJ', 'GEF', 'SQS', 'XFW', 'MNB', 'TGW', 'SFD', 'EBY', 'AGI', 'ZFK', 'GUE', 'OON', 'CZB']
['YKH', 'UHE', 'HPH', 'IYD', 'MVS', 'MSE', 'BBZ', 'FHI', 'RSG', 'OCI', 'KNO', 'ITN', 'ULP', 'ARM', 'NQL', 'MSC', 'NLI', 'THJ', 'IQJ', 'TGH', 'DMH', 'TVZ', 'BEQ', 'VCY', 'PBP']
['YNR', 'FEV', 'DNE', 'LOQ', 'TKB', 'FOD', 'XVF', 'EQX', 'HHK', 'FPR', 'KLV', 'DXK', 'NTW', 'DYU', 'IFO', 'MZP', 'IFU', 'UFK', 'UCH', 'CGQ', 'MMS', 'ZJU', 'QEP', 'TLC', 'MUO']
['YWW', 'POR', 'KMP', 'PZA', 'ALL', 'SDH', 'EBB', 'MLN', 'RYA', 'JSL', 'CJB', 'GFL', 'XWK', 'DWU', 'CUZ', 'XDE', 'ODG', 'AZD', 'EPR', 'HMT', 'SAQ', 'XJW', 'MIN', 'AIM', 'AQN']
