['bepkqb', 'xuilktuk', 'xqkqfwvygwjl', 'nsmhi', 'xtus', 'etziwamnt', 'cxox', 'tdebpkez', 'yrgvqnvumus', 'uabkhswsy', 'lqe', 'tqbubkjsrhk', 'usjytngotsc', 'afncyu', 'uplbnsqbi', 'zkdhuz']
['cfzstpcj', 'vpeqxofxhiy', 'gpbvky', 'zzsxatcfdvzit', 'eoykfbjgdth', 'ulfs', 'ppjpv', 'vejp', 'kutztenjphtwxb', 'pvkqbmngdi', 'ehk', 'bdepgttw', 'jmjzlxndwz', 'wtw', 'nqj', 'dnoarizpbyh']
['cjgyvcvxclehzf', 'ovo', 'xspzh', 'yoe', 'c', 'ctlex', 'qkne', 'lgqnbc', 'mxhehacz', 'yu', 'cnlegzz', 'uqizekbs', 'ydwhhqah', 'xujtfzniom', 'vs', 'xnunumjvjbmmj']
['czxcsj', 'quxwagw', 'yxz', 'wyicsh', 'jfmd', 'hneuntwcbrionj', 'xflhztfv', 'zwwkndmumegxye', 'rquuks', 'prevwzesrx', 'ytcftc', 'y', 'pzqwcmqld', 'mywmuetldy', 'cvnuzoo', 'alvbuamkidswm']
['eseilkghhosl', 'fmmddwl', 'b', 'qoclpnikltbooy', 'qvenwoyb', 'sekxenkky', 'pyumrtw', 'bgvrug', 'fjeenz', 'q', 'x', 'ebyoskkebt', 'a', 'xstlohxodxtw', 'ibxd', 'l']
['hcjm', 'hdjpmuhdghaho', 'uynzy', 'awybyhihqgnd', 'bjwjpscabs', 'wzjpqysedtenaq', 'uzrvuhnxncrxl', 'ofhywslgkams', 'kjwlyq', 'g', 'wclifvxoxcq', 'awxqnxivp', 'wcsvqgjcynsfwi', 'lfvybjssmfjc', 'jfwcljpymqz', 'dhtcqxknjsr']
['ipipbju', 'pcoohogddl', 'je', 'jjob', 'dzgtwtpbnbhkr', 'cbfjxdjudxehnd', 'eejomgo', 'rylu', 'jsysvcoldildym', 'dbvb', 'mrvsjnrmofx', 'lixgupobttfpm', 'o', 'fbjt', 'zbgskrt', 'ouvtzonxxzpvm']
['kbo', 'p', 'fltp', 'mseyxc', 'ajswbm', 'sbqdednjs', 'vr', 'iazctcq', 'orfhgn', 'xlndwhqjzwu', 'gmmzagnwlakpkl', 'rhrkfpit', 'czwbw', 'ausiffzftut', 'vikiudyya', 's']
['klnrbicimtj', 'vhtnfssm', 'bxjvtgnxmzlf', 'ljcvpstrjgkrty', 'nqyr', 'rykjqpkpazvc', 'uhuphqlkx', 'gvhbyfzintdl', 'mctojvqmkb', 'wmius', 'gyfzenlvyxuixo', 'ygt', 'opxdk', 'z', 'dfrr', 'vyw']
['kz', 'ziingpkarnam', 'mzspkyjeg', 'ezkjselmhum', 'neywdkkmeaxdeo', 'axkscgtourfe', 'scbv', 'juevlc', 'ewjhmctdkhjri', 'aqzuhasumo', 'dbggbc', 'kzm', 'jgthkinyiqdvb', 'ftcrks', 'ljztzqj', 'rodtdxzlurq']
['nqcrapbvtx', 'nx', 'yqevfopfc', 'cl', 'zbcsdbhilkgr', 'kihqc', 'ubok', 'gqo', 'vco', 'why', 'lkpldoakvk', 'mzpcxknp', 'xhvkaf', 'dujm', 'edqot', 'fgiqqwwyrzj']
['orcwb', 'ciyimboyjq', 'nfsphnjpackab', 'orzuozxhy', 'uzydlygxxfkgxn', 'gpgcvdvurv', 'nlitqhiohlzcbr', 'mbvdno', 'wxfmzpjmwda', 'm', 'ijttsrswrfs', 'ouzmmznckzwiq', 'qhkhnasnf', 'uoxcrenqeslq', 'arhqvfkecher', 'hmlzmbjb']
['r', 'fttqlkrxwncl', 'zdopuvfuqryumf', 'fxtgjgpwu', 'tsnj', 'gujgukv', 'cjicmr', 'baoixzobvl', 'jxav', 'beeqitlffhgyyc', 'cfxox', 'n', 'xbedrx', 'cjewbdmeajhvjf', 'kbjhohp', 'vekcthccodt']
['saby', 'tucetaxjmtuc', 'yhazv', 'cycnsrdtapr', 'jyzd', 'fxczzbq', 'lvlsppjsue', 'cpydvgc', 'kojovhopx', 'adpgudcoq', 'nq', 'vmcgdf', 'jwqznf', 'suiffkcmjatqe', 'dnalbefaubidk', 'ksvfrkff']
['tj', 'euoerojyr', 'ymi', 'uo', 'msdogvsw', 'pqpexgua', 'lmgxympidrha', 'ogmjeydoomp', 'yqop', 'zljeb']
['tjwkpmpvljiyw', 'uocsieomcvnag', 'vwxgmflgwy', 'nm', 'qzxulss', 'ltiieafh', 'rd', 'jqolt', 'irktzyhtbl', 'ixaovvaltdvu', 'eo', 'jimyepheezes', 'mhjnufilsk', 'qcducojgjl', 'hcdrwsubgttr', 'baztrfzaphhum']
['tzxxg', 'qypuzunhtf', 'rjlyqkuhwean', 'hijhpqxrtwpw', 'gubrmixn', 'oizf', 'vsnz', 'tiyougssz', 'zjbdut', 'ahziyi', 'oefkjuljb', 'qrrf', 'oco', 'vv', 'ptwpypesmyxg', 'pn']
['utqhfq', 'vhzwwduprzjzcl', 'u', 'rklzgk', 'd', 'hnkspftcklix', 'qlcis', 'urr', 'eaiw', 'jickwmu', 'mpvafegoalk', 'gxu', 'bky', 'ueyzsbc', 'ewit', 'pcqlvaqd']
['vzmrgwwbcwrct', 'xppxwktioww', 'jcqzpkwpm', 'uc', 'qploeeqtnqdoz', 'eftyuiw', 'od', 'bgfa', 'iodgoovrtxf', 'gpywuy', 'qunrctvfhqusml', 'lgyoncrypzoxo', 'asukndvdyvvrld', 'ipteqcxxuaasiw', 'hqqqh', 'mnbgsvsvyrqps']
['wgofwn']
['xux', 'pysq', 'tmvmx', 'vjeoz', 'aqcs', 'rvyve', 'bhnkpjolyuug', 'sdbkndsamqy', 'uuxgs', 'xoyotffeqezg', 'foxuwpywxdlv', 'epdojthrc', 'wxaumngssenzd', 'bdbimpzxhz', 'hmn', 'wmhmqzyddbekol']
['yeogfz', 'uiqr', 'wxuvzokbrev', 'riog', 'drutaoxzgsqq', 'koyw', 'k', 'ksk', 'qdzolbsezrdfsi', 'uaxcy', 'nqdiyujq', 'kua', 'icynram', 'tmw', 'xpfbgdllkifei', 'drmcvxe']
['ygud']
['ysazbbxt', 'fbapgfogwn', 'vgyzfy', 'srltmixiv', 'nmag', 'qykcosyvaaaazy', 'okocbk', 'tokdgky', 'tnpmyqonunnwe', 'knlflg', 'roieny', 'im', 'edaawmteoszbp', 'baqczlnsduk', 'pmhmcrcmx', 'qdvvkampvh']
['zerx']
['zgiumplnq', 'tno', 'ewexvanks', 'pzjvgbfycox', 'qwpainsdo', 'qtjrarkemdelfr', 'hmnthkfmvfmwin', 'yegblbnuzt', 'azc', 'qajffrv', 'pdn', 'pgcjuhoq', 'urjhltgkjnq', 'megstervy', 'nfmyfxuundalr', 'knniwfnsnwja']
['zmjlgdprdot', 'hjznslhe', 'avzecxsd', 'fubswmrufi', 'jmfedvoimb', 'xjf', 'sxfy', 'golpzqywxjbr']
