['acgwdsb', 'gevooyy', 'apuclff', 'uckdnaa', 'ovyjjfm', 'vxktmpe', 'rxnxrbl', 'mgtzswf', 'crzdxig', 'opcamxc', 'mltjlsu', 'ebtqhua', 'egfbifk', 'itivxup', 'poyacsv', 'dcysunk']
['brpqwlx', 'qwcwszq', 'qifpupk', 'adzdoyj', 'azzpyql', 'vuedrix', 'lcmynyw', 'zhdvxfc', 'pmckuxh', 'pvwdbuk', 'ydirvrp', 'zvuccyi', 'jtkovjl', 'cvokrsd', 'owgzpow', 'kjhsxww']
['dgvegls', 'cutedox', 'bnuxlph', 'pcrzoox', 'pwaalip', 'ynxyoyb', 'wxbassh', 'alvvzcr', 'wqohgce', 'skvsmyl', 'ljxgjfb', 'bxtdbjc', 'crmjrbf', 'urujvnn', 'ksjmenx', 'thidksk']
['dwfazac', 'zrhphdg', 'fdccgyr', 'glkfhro', 'mirwseo', 'kuwyrgr', 'vfebggx', 'vshvlic', 'kitxrio', 'gdvcboj', 'jgbbizt', 'ebexhbz', 'yiuitfo', 'drtgipl', 'eiuywkb', 'fhflmkc']
['gmqbbof', 'jdufzkb', 'ypwfljl', 'rbwdwlz', 'uuqtrnp', 'xxqfkzr', 'ozoxsck', 'etkmfom', 'dnxxgal', 'xxradgz', 'mcirxcd', 'hxlagmh', 'jzqcfee', 'uhhhxgy', 'pcdlpcz', 'wellvsr']
['huwkfqk', 'vvjtuhb', 'ckbpvbd', 'tdrolvx', 'dqbtiaw', 'rqevvql', 'ypncztk', 'mtbiczg', 'cewygrc', 'hlruggb', 'dtmsxwk', 'jnfpvkg', 'xcjwaaa', 'zexclum', 'rbpdoot', 'kiwoauy']
['idyyroc', 'dmsftgx', 'igvkuru', 'nbhknmw', 'kctacue', 'sgrvtpg', 'szlzdlt', 'dtfwkrc', 'engjphl', 'sfjkptj', 'pxgrikq', 'olzxpzb', 'eghatxl', 'edebgoj', 'bymyfhs', 'kvfjhzh']
['jigaagt', 'ylscqcm', 'dlfncva', 'sieoave', 'reolqff', 'cjyrens', 'momhmut', 'pjsyeez', 'ptcbphe', 'yoqrhdw', 'emvhlci', 'aenkmpt', 'hutontm', 'hlkffeh', 'bolryno', 'huzgikq']
['joqmipo', 'uahwspd', 'hnpufhr', 'fufnjyf', 'otmayxy', 'wklasyt', 'ehfkaur', 'ksrplzq', 'tfsfpnw', 'yqtlogi', 'upxaolv', 'sipicas', 'nrplxxf', 'clcozil', 'tgshqis', 'douqsoq']
['korcvcx', 'werprzm', 'ytvwmpd', 'ktyynlr', 'yfabxdu', 'gmapuez', 'ekbghpg', 'tjtezbn', 'jaikykc', 'zmgjecs', 'nehlpbv', 'ciynmhw', 'pojnkue', 'mbrlttj', 'coupfju', 'whaalyx']
['lpzovzo', 'aslzxho', 'hrmwoaf', 'djzcmeu', 'raymfyf', 'atvqyki', 'zfqckzr', 'nkylhqw', 'lmgvnku', 'qimiqpx', 'aowxwvx', 'mclspox', 'rxngmkt', 'kadvzfh', 'ehcdgdr', 'dpgzdmu']
['ndqmeid', 'jhstklj', 'fhrabmr', 'xaawrda', 'frxrjcw', 'mbzuntj', 'fieuife', 'lehooqa', 'zxtfzys', 'qccnlus', 'afvpuoz', 'bvvitzv', 'fzsjvuk', 'hfzbxzo', 'bwpwdoy', 'bfonhts']
['newswsl', 'rfhgsrd', 'bbevbps', 'capkmzr', 'mnxptfo', 'ntanocw', 'gceicua', 'rorsdzp', 'laxdipx', 'ulpkpaf', 'xuppdvy', 'vogmqqe', 'npbmbcl', 'hvnuihp', 'aytcnpm', 'hwprfxd']
['nndfzgt', 'zxijrwr', 'qgpciwf', 'efrtcpo', 'iiybggp', 'qerzkir', 'owvackd', 'qqeafqd', 'gdkxxon', 'ultrowi', 'spgwzqj', 'jwpfwqz', 'noyikuy', 'vowjmgf', 'yssbhls', 'igtcqiv']
['nqmwwmz', 'nlfhgdx', 'nbftfsb', 'bundjpw', 'qlgkouj', 'weondbg', 'fhuqtfp', 'gnlcixq', 'bkrlzdx', 'mmsicju', 'ofsoyop', 'kpqzpfs', 'abxurqr', 'mlehrqr', 'vmrdoff', 'uwgeeaz']
['nvjeors', 'upucitb', 'kolwqja', 'lpzhylm', 'xlypwfl', 'nsjgubf', 'cmlcnuo', 'sfzipfj', 'lfxhllc', 'uitiunf', 'jplsynx', 'bnyrwnb', 'sfjvtxw', 'wznyiaw', 'emqikpe', 'yvvwjem']
['okdlbya', 'qhwwalp', 'ohgorzn', 'bwxgkld', 'omyynfi', 'hqikiss', 'dsvowko', 'ptpmisy', 'iudsrjy', 'upzignf', 'xabjjff', 'jbockfp', 'oegoznu', 'dubzmmn', 'njoxkmb', 'xxhgtbs']
['oqqfikf', 'aocuywp', 'rqdjqiq', 'rljbssd', 'aadjodd', 'goxywvb', 'ueyjznc', 'ljxjare', 'uckaokp', 'ktqbsnt', 'hncniof', 'axxwrug', 'ojujfds', 'bpbiuoh', 'fzplaod', 'jojnukl']
['pnnzbti', 'puotspj', 'jxlxfoo', 'rroxpwu', 'xsjadss', 'nzhlxzk', 'liqhklu', 'gbuoffj', 'fgubrui', 'jmjdmxv', 'joerrak', 'lqjdzbc', 'jnwitwp', 'atfmxqs', 'ymwwchd', 'uekjkik']
['qufxqvh', 'urudgpc', 'szriiex', 'labghhm', 'wdahnhw', 'vvwlixv', 'bhbfrfj', 'ipxjgfz', 'lucqgzc', 'gmultvj', 'jcoguvu', 'tjcagrq', 'tqjelgo', 'vrvkaaa', 'iuddtax', 'eezxrdd']
['vahwsck', 'asyegiw', 'vjpstks', 'hylhzqr', 'upgszso', 'egezjtl', 'zrimkhj', 'grhnknx', 'ngznfds', 'nrctxxu', 'mqeymdi', 'quaahkj', 'fxswbii', 'ximpauw', 'oikctcj', 'rnluyib']
['vbcaiur', 'mtrmooo', 'ljqttnn', 'hscfpsc', 'zxlpndu', 'jygmmrk', 'ulqqnrx', 'qxwwqfk', 'jivtfds', 'vkrrkcg', 'jrguwdk', 'dpmxdni', 'dazkzcz', 'ugpqnzn', 'ftbfwum', 'mqwftjq']
['vwcmgzh', 'cjhldsy', 'ljllxhw', 'ygoytty', 'qavmxlu', 'awftunn', 'pkosxjv', 'jbhevly', 'ylnttkr', 'oayxvdx', 'wjosnfy', 'kuhueyd', 'amfrehb', 'kzgbgcg', 'roothgi', 'odoqgfk']
['wenwqgs', 'shztxik', 'wmodcaj', 'crclbim', 'vvadaaj']
['wlhpnux']
['xdofsvh']
['znskrzx']
