['AaronGordon', 'RobertCovington']
['AlHorford', 'AllenCrabbe']
['AlJefferson', 'KentBazemore']
['AlecBurks', 'JaylenBrown']
['AlexAbrines', 'DeMarreCarroll']
['AlexLen', 'MarvinWilliams']
['AmirJohnson', 'LauriMarkkanen']
['AndreRoberson', 'JeffGreen']
['AndrewWiggins', 'JrueHoliday']
['AveryBradley', 'WesleyMatthews']
['BamAdebayo', 'NikolaJokic']
['BenMcLemore', 'DraymondGreen']
['BismackBiyombo', 'TrevorAriza']
['BlakeGriffin', 'BojanBogdanovic']
['BogdanBogdanovic', 'LaMarcusAldridge']
['BradleyBeal', 'DennisSchroder']
['BrynForbes', 'DeAndreJordan']
['CJMiles', 'JuliusRandle']
['CarisLeVert', 'MichaelKiddGilchrist']
['CediOsman', 'JarellMartin']
['ChrisPaul', 'LanceStephenson']
['CoreyBrewer', 'TylerJohnson']
['CourtneyLee', 'RussellWestbrook']
['CristianoFelicio', 'EricBledsoe']
['DAngeloRussell', 'TajGibson']
['DanielTheis', 'ETwaunMoore']
['DanteCunningham', 'EnesKanter']
['DavidNwaba', 'JaeCrowder']
['DavidWest', 'CarmeloAnthony']
['DavisBertans', 'EvanFournier']
['DeMarDeRozan', 'DonovanMitchell']
['DejounteMurray', 'JakobPoeltl']
['DelonWright', 'DarioSaric']
['DevinHarris', 'JoshJackson']
['DeyontaDavis', 'JusufNurkic']
['DionWaiters', 'DeAaronFox']
['DomantasSabonis', 'KyleAnderson']
['DougMcDermott', 'SergeIbaka']
['DraganBender', 'DamianLillard']
['DwightHoward', 'DenzelValentine']
['DwightPowell', 'MasonPlumlee']
['DwyaneWade', 'RickyRubio']
['EdDavis', 'KellyOubre']
['EkpeUdoh', 'JohnCollins']
['ElfridPayton', 'TerryRozier']
['EmmanuelMudiay', 'JoeHarris']
['FredVanVleet', 'NicolasBatum']
['GeorgeHill', 'RobinLopez']
['GeraldGreen', 'KevinLove']
['GoranDragic', 'GiannisAntetokounmpo']
['GorguiDieng', 'DennisSmith']
['HarrisonBarnes', 'WillBarton']
['HassanWhiteside', 'WilsonChandler']
['IanClark', 'StanleyJohnson']
['IanMahinmi', 'StephenCurry']
['IsaiahTaylor', 'EricGordon']
['JRSmith', 'YogiFerrell']
['JabariParker', 'CoryJoseph']
['JamalMurray', 'AndreDrummond']
['JameerNelson', 'AustinRivers']
['JamesEnnis', 'BrandonIngram']
['JamesHarden', 'ThaddeusYoung']
['JaredDudley', 'TyrekeEvans']
['JarrettJack', 'WayneEllington']
['JasonTerry', 'TonySnell']
['JerrydBayless', 'JeffTeague']
['JodieMeeks', 'DariusMiller']
['JoeYoung', 'FrankNtilikina']
['JohnWall', 'StevenAdams']
['JonasJerebko', 'DJAugustin']
['JonathonSimmons', 'BenSimmons']
['JordanClarkson', 'JJRedick']
['JoseCalderon', 'DevinBooker']
['JoshHuestis', 'AlFarouqAminu']
['JoshRichardson', 'KhrisMiddleton']
['JustinHoliday', 'LeBronJames']
['JustinJackson', 'BuddyHield']
['JustiseWinslow', 'PauGasol']
['KarlAnthonyTowns', 'AnthonyDavis']
['KentaviousCaldwellPope', 'MarcGasol']
['KevinDurant', 'PJTucker']
['KostaKoufos', 'JonasValanciunas']
['KrisDunn', 'DerrickFavors']
['KyleKuzma', 'DillonBrooks']
['KyleLowry', 'JoeIngles']
['KyleOQuinn', 'MarcinGortat']
['LanceThomas', 'DewayneDedmon']
['LangstonGalloway', 'KyrieIrving']
['LarryNance', 'RondaeHollisJefferson']
['LucMbahaMoute', 'JeremyLamb']
['MalcolmBrogdon', 'JamalCrawford']
['MalcolmDelaney', 'JerianGrant']
['MalikMonk', 'KyleKorver']
['ManuGinobili', 'DirkNowitzki']
['MarcoBelinelli', 'MarcusSmart']
['MarcusMorris', 'GaryHarris']
['MarioChalmers', 'KellyOlynyk']
['MarqueseChriss', 'AnthonyTolliver']
['MauriceHarkless', 'AndreIguodala']
['MaxiKleber', 'ClintCapela']
['MichaelCarterWilliams', 'DarrenCollison']
['MikeMuscala', 'WesleyJohnson']
['MikeScott', 'LonzoBall']
['MilosTeodosic', 'JaMychalGreen']
['MontrezlHarrell', 'BrookLopez']
['NemanjaBjelica', 'JamesJohnson']
['NeneHilario', 'JohnHenson']
['NikolaMirotic', 'JimmyButler']
['OGAnunoby', 'DeMarcusCousins']
['OttoPorter', 'IshSmith']
['PatConnaughton', 'MichaelBeasley']
['PatrickMcCaw', 'JeramiGrant']
['PatrickPatterson', 'NikolaVucevic']
['PaulMillsap', 'JoelEmbiid']
['PaulZipser', 'TylerUlis']
['QuincyAcy', 'EvanTurner']
['RajonRondo', 'KristapsPorzingis']
['RaymondFelton', 'MarioHezonja']
['ReggieBullock', 'NickYoung']
['ReggieJackson', 'GarrettTemple']
['RichaunHolmes', 'DannyGreen']
['RodneyHood', 'PascalSiakam']
['RoyceONeale', 'TomasSatoransky']
['RudyGay', 'RudyGobert']
['SalahMejri', 'MarkieffMorris']
['SamDekker', 'ErsanIlyasova']
['SemiOjeleye', 'AronBaynes']
['ShabazzMuhammad', 'JarrettAllen']
['ShabazzNapier', 'ZachRandolph']
['ShelvinMack', 'FrankKaminsky']
['SkalLabissiere', 'BobbyPortis']
['SpencerDinwiddie', 'KembaWalker']
['SterlingBrown', 'TristanThompson']
['TJMcConnell', 'TroyDaniels']
['TJWarren', 'CJMcCollum']
['TaureanWallerPrince', 'JaysonTatum']
['ThonMaker', 'JJBarea']
['TimHardaway', 'PaulGeorge']
['TimotheLuwawuCabarrot', 'TreyLyles']
['TobiasHarris', 'KlayThompson']
['TorreyCraig', 'LukeKennard']
['TreveonGraham', 'ShaunLivingston']
['TylerZeller', 'RyanAnderson']
['TysonChandler', 'MylesTurner']
['TyusJones', 'SindariusThornwell']
['VictorOladipo', 'LouWilliams']
['WesleyIwundu', 'JoshHart']
['WillieCauleyStein', 'PattyMills']
['ZachCollins', 'AndrewHarrison']
['ZazaPachulia']
