['1D39ED', '49EB71', 'B2C27D', '1600AD', '189812', '9DF876', 'D31361', '833C34', '83752D', '66F8EA', '292CB3', '81E0FA', 'F448AE', '9C0B9D', 'E9F19A', 'B00B7F', 'CBE0EA', '88FFF8', 'E8A38A', '7D4045']
['29267F', '068D28', '593840', 'FC75E7', '18AEFC', 'C19610', '46371B', 'E15D93', '1D528C', '81A0D3', '672145', '593AF4', 'D6F426', '8806E7', 'AB96B9', '35DA72', 'EDB261', 'C748A2', '929578', 'DDB7C8']
['2961DB', 'C34593', 'B8B01F', 'C60FE7', '0AC7A0', '0525B9', '6E3DED', '920715', 'F28C7F', '1CAAAC', '3E6399', '66547C', 'D9180C', '326662', '0FC6EE', 'E277CB', 'B6FA16', '5A5DE8', '5F88E7', '73F93C']
['380FF7', 'FAB638', '75C017', '9C4F00', 'B85F11', '47063A', 'E77DD8', 'D83AF7', 'D0E5BE', '81A856', 'E2701A', 'D78522', '29D22B', '369765', '98497D', '5248A9', '9CE56C', 'EC2626', '943005', '71AE93']
['39CAB7', 'BE3703', 'EB90EE', 'A03FB7', 'CD374A', '8BEC15', '09CFE9', '80F9BC', 'D78532', 'A4F4BB', '81DA52', '8E8C76', 'DB6CBF', '78E144', 'DF44F5', '30C157', '0264AF', 'DCB902', '992AEE', '78DB65']
['43F505', '3D4600', '861E09', 'CC9A13', 'FD1DAC', '3E7F60', '14A3E7', 'EF37A6', '5D4F2F', 'B78EF9', '52FB79', 'EFBA0C', '1E571E', 'CC4384', '0AFD91', '628552', 'E46F9E', 'B0F05D', '5C91EE', 'F4EDF8']
['52BFE5', '89A551', '8883AC', '03B42D', 'F32B0B', 'C69699', 'E191B0', '3EF396', '66B93A', 'EC35B5', 'EE9200', '31B801', '255208', 'FCD63D', '118FE2', 'A1D29E', 'FF3177', '1330B3', '00CD58', '93D432']
['539972', 'FECCAB', '1DD8D0', '3A0D10', '503A55', 'F1B367', 'E1A380', 'DE6241', 'D324E7', '5B4152', '25B295', '2819EE', '87EE7F', '4E8355', '0FE5DD', '0E6FA7', 'EEF23E', '66C38E', 'AAAF0B', 'F9011B']
['54C37C', '4AE7C7', 'AF83FA', 'C8F1A7', '1B06C5', 'B6ACFC', '0C4437', '565E46', '95F017', '3235BA', 'D2EB79', '82BD08', '75002A', 'D049CD', '4EBF50', 'CED5FC', '2BEC39', '4C0FCD', '5BEDDF', 'FD33F7']
['5ABFA9', '05F2DC', 'D6DD9E', 'F37211', 'BCD2F5', '62BC31', 'C07CCC', 'E479C8', '9D6554', '0CFFC9', 'FB3B86', 'A34095', 'DBF47C', 'C96CD6', '113E1F', 'BA6187', '739ABF', '7848BA', '6DCBC8', '8254EB']
['5BC875', '71AC6D', '2D4D61', 'F545E1', 'B56D74', '18D668', '9C5DCF', 'EB7E6A', '4BC7D0', '206150', 'FBB00D', 'B4257C', '56B4C2', '177A03', 'F33ACF', 'EED7BB', 'B38307', '92C42A', 'C1CAB9', '6EEE66']
['6E7E64', '1D216B', '8ECA84', '94C20E', 'BE5B1D', '2B8F4B', 'F85131', 'B2A692', '7FE1F2', '5C0D69', 'D883C0', 'A5F27A', '2C02B7', '09944C', 'D98FB6', '42EE34', 'D50881', 'D8849E', '1350AD', '5AF312']
['7647CD', '5C5B8D', '26B294', 'F8B91A', '5A3E90', '22394B', '3963FC', 'F61AD7', 'BB986B', 'B2C529', '5C016B', '923B8C', '05473A', 'E7EFA5', '099A40', '33ABEE', '09FFA6', '89372A', '99392B', 'E1B665']
['77042F', '6C3CD5', '478A7C', '00C269', '5D5C76', '0B99EF', 'E4F6EF', '6246E1', '160ED4', '364B78', 'D2BDB6', '0A3E48', 'D0E36A', 'E33128', 'B13536', '8DF985', '917501', '940AC5', '7F8E1D', '2B3DD7']
['7B325B', 'E8C5B8', '9C4CA5', '7FADE3', 'D2F8E5', '51197D', 'F9EB1F', '19EFAF', '823C51', 'C54164', 'E81232', '55B952', '30EA83', '400D20', '9ABAFB', '8AC55C', '893D61', '414B77', '6D4C8F', 'CC66B0']
['8EC8D8', '2E6B38', '770A4C', 'B4BD91', 'A4EAD9', '415552', '85CFC7', '6BF4D3', '026256', '6833E8', 'CD5322', '1866E0', '4BD8B1', '01E026', '24A4D1', '605983', '72D023', 'F4C13E', '9923B4', 'AC34B5']
['90E78E', '1F4650', '1A770B', '0D6A28', 'F3EDD7', '7C8A3D', '58ED2B', 'C9EF6D', '74ADA7', '6AFCAC', '97D861', '34ACF3', 'C0EA59', '4430C2', '5C4F81', 'D79D49', '1D0C35', 'CB5EDA', '935873', '0E78AA']
['9BAC71', 'B2CB4D', '3D830C', '9D8AD8', '4BBAFA', '1986A0', '1656DC', '76131B', '77EB41', '601CA7', '1743CD', '3FAE1E', '4AC817', '2B8E0B', 'DDA295', '26C6B9', '2E4B9D', '5A681E', 'FE7E47', '7CC3A7']
['9FCB42', '4A32EA', '2D2248', '1E0B30', '2DE42A', '26DA83', '99E133', 'EB9D60', '1FBE40', 'D363AB', '7AADBC', '5ADC6D', 'E492E0', '15AA36', '468F31', '1C3933', '2F584A', 'E0044F', '187923', '8F75EC']
['B32674', '0C3AFF', '10BBE1', '98B1CA', '43FE78', '0231A4', '60B803', 'A0DDCD', 'FFD642', '6C5208', 'C2A74D', '4DBE20', '3228BB', '398310', '2215AE', '1D9893', '88E0AE', '5332A9', '8963E1', '2EDC82']
['CA893B', '31B17E', '77B9A5', 'D8A834', '1F6554', '7334F9', '511040', '7C730C', 'F2B7FD', 'BC38A8', '035E05', '57FCD8', '26DB4C', '420711', 'F1DB81', '31C6A3', 'C3678B', '6C1A62', '5E4F6B', '04279E']
['CC08F5', '29BFBC', '94AED5', '882258', '4FCF52', '608F21', '5E2607', 'ABE83F', '747199', 'F7F9CB', 'E93252', 'B166D1', '36FCBF', '2F46CD', '029563', 'B0C2D3', 'E4C3BA', '8D43AD', 'DFE9C6', '037831']
['CE0D10', '34E9FE', '696B37', 'E3583F', 'EB3718', '2D56C1', 'BB9072', '463E2C', 'A911EF', 'DBDDB5', '244528', '49EEB4', '38EA17', '848C87', '3B6837', '846154', 'C0A19A', '3CB50A', '219F75', 'D8492F']
['D65E29', '73271F', 'B49939', 'F13455', '9B09E5', 'A89402', '45CE10', '273165', '83ACF7', 'A4FCD1', '38515C', '3D046E', 'BA7ED0', '41AFC9', '82B105', '052CC7', '9330C0', '1D4417', '316244', '20C0D0']
['DF5F9C', 'FCB503', '4D74EB', '40C7FF', '718436', '69FD70', '8FF839', '4C1D36', '3F75A9', '552199', '6D4DDC', 'C5416A', 'AD6105', '28CCA5', '865328', '5451FF', 'FBF275', '7B306C', 'C4882F', '82F466']
