['11111111', 'ooo', 'mmm', 'hhhh', 'WWW', 'jjjjjj', 'tttt', 'A', 'HHHHH', 'O', 'QQQQQQ', 'SSSSS', 'JJJJ', 'JJJJJ', 'WWWWWW', '7777777', 'bbbbbb', 'dddddd', 'ddddddd', 'gggggggg', 'llllll', 'kkkkkkk', 'qqqqqqqq', 'sssssss', 'uuuuuuu', 'yyyyyyyy', 'DDDDDDD', 'FFFFFFF', 'EEEEEEEE', 'IIIIIIII', 'LLLLLLL', 'KKKKKKKK', 'MMMMMMMM', 'PPPPP', 'OOOOOOO', 'RRRRRR', 'SSSSSS', 'TTTTTT', 'VVVVVVV', 'UUUUUUUU', 'XXXXXX', 'XXXXXXX', 'ZZZZZZ', 'ZZZZZZZ', '22222', '3333333', '4444444', '33333333', '555555', '6666666', '77777', 'bbbbbbbb', 'cccccccc', 'dddddddd', 'ffffffff', 'hhhhhhhh', 'jjjjjjjj', 'llllllll', 'nnnnnnnn', 'pppppppp']
['2222222', 'rrrrrr', 'uuuuuuuu', 'vvvvvvvv', 'wwwwwwww', 'xxxxxxxx', 'zzzzzzzz', 'AAAAAAAA', 'BBBBBBBB', 'DDDDDDDD', 'EEEEEE', 'FFFFFFFF']
['22222222']
['44444444']
['66666666']
['8888888']
['88888888']
['CCCCCCCC', 'EEEEEEE', 'IIIIII', 'LLLLLL', 'KKKKKKK', 'NNNNNN', 'NNNNNNN', 'PPPPPP', 'PPPPPPP', 'OOOOOOOO', 'QQQQQQQ', 'QQQQQQQQ', 'SSSSSSSS', '55555', '55555555', '888888', '77777777', 'fffff', 'iiiiiiii', 'lllllll', 'nnnnnnn', 'oooooooo', 'rrrrrrrr', 'ssssssss', 'tttttttt', 'vvvvvvv', 'GGGGGGGG']
['HHHHHHHH']
['JJJJJJJ']
['JJJJJJJJ']
['LLLLLLLL']
['MMMMMMM']
['NNNNNNNN']
['PPPPPPPP']
['RRRRRRRR']
['S', 'T', 'U', 'Z', '2', '333', '88', 'b', 'ccc', 'ff', 'hh', 'ii', 'iiii', 'm', 'mmmm', 'oo', 'pp', 'q', 'w', 'ww', 'yy', 'B', 'BBBBB', 'C', 'DD', 'F', 'FFF', 'J', 'II', 'III', 'KK', 'N', 'NNNN', 'P', 'PPP', 'R', 'SS', 'SSSS', 'V', 'UU', 'VV', 'VVV', 'W', 'XX', 'XXXX', 'ZZZ', '5', '55', '66', '6666', '7', '7777', 'bb', 'aaaa', 'e', 'fff', 'i', 'l', 'll', 'llll']
['TTTTTTT']
['TTTTTTTT']
['UUUUUUU']
['VVVVVVVV']
['WWWWWWWW']
['XXXXXXXX']
['YYYYYYYY']
['ZZZZZZZZ']
['iiiiii', 'lll', 'lllll', 'kkkkkk', 'mm', 'nn', 'mmmmmmm', 'oooo', 'ooooo', 'qqqq', 'qqqqq', 'ssssss', 'uuuu', 'vvvv', 'vvvvvv', 'wwww', 'wwwwww', 'xxxxxx', 'yyyy', 'yyyyy', 'BBB', 'AAAAA', 'CC', 'HH', 'GGG', 'HHHH', 'LLL', 'LLLL', 'LLLLL', 'MMMM', 'MMMMM', 'MMMMMM', 'OOOOOO', 'RRRRR', 'TTTTT', 'VVVV', 'VVVVVV', 'WW', 'XXXXX', 'WWWWWWW', 'YYYYY', '2222', '3333', '4444', '5555', '66666', '888', '88888', 'aaaaaaa', 'bbbbbbb', 'ddddd', 'fffffff', 'hhhhhhh', 'jjjj', 'iiiiiii', 'pppppp', 'ooooooo', 'qqqqqq', 'qqqqqqq', 'ttttt']
['kkk', 'kkkk', 'kkkkk', 'nnnn', 'mmmmm', 'nnnnn', 'nnnnnn', 'ppppp', 'r', 'qqq', 'rrrr', 'ss', 'ttt', 'ssss', 'sssss', 'uuu', 'uuuuu', 'xx', 'wwwww', 'yyy', 'zzzzz', 'AAA', 'AAAA', 'DDD', 'CCCCCC', 'DDDDDD', 'EEEE', 'FFFF', 'FFFFF', 'IIII', 'NNN', 'PPPP', 'OOOOO', 'RRRR', 'QQQQQ', 'SSS', 'UUU', 'UUUUU', 'UUUUUU', 'WWWW', 'WWWWW', 'YYY', 'ZZZZ', 'YYYYYY', '22', '1111', '111111', '222222', '33333', '333333', 'bbb', 'bbbb', 'aaaaa', 'bbbbb', 'dddd', 'eee', 'ffffff', 'ggggg', 'hhhhhh', 'jjj']
['nnn', 'o', 'ppp', 'pppp', 'rrrrr', 't', 'xxx', 'z', 'zzz', 'zzzz', 'yyyyyy', 'BB', 'BBBB', 'AAAAAA', 'D', 'CCCC', 'CCCCC', 'FF', 'EEEEE', 'HHH', 'GGGGG', 'JJJ', 'LL', 'KKKK', 'KKKKK', 'MM', 'NN', 'MMM', 'NNNNN', 'PP', 'OOO', 'QQ', 'RR', 'TT', 'UUUU', 'XXX', 'Y', 'ZZ', '4', '33', '44', '444', '6', '666', '777', 'dd', 'ddd', 'cccc', 'ccccc', 'cccccc', 'eeee', 'ffff', 'eeeee', 'h', 'hhh', 'gggg', 'hhhhh', 'jj', 'iiiii', 'jjjjj']
['tttttt', 'uuuuuu', 'xxxx', 'xxxxx', 'wwwwwww', 'yyyyyyy', 'AAAAAAA', 'DDDD', 'DDDDD', 'FFFFFF', 'GGGG', 'GGGGGG', 'HHHHHH', 'GGGGGGG', 'HHHHHHH', 'IIIII', 'JJJJJJ', 'IIIIIII', 'KKKKKK', 'RRR', 'QQQQ', 'RRRRRRR', 'TTTT', 'SSSSSSS', 'VVVVV', 'YYYY', 'ZZZZZ', 'YYYYYYY', '222', '11111', '1111111', '44444', '444444', '666666', '5555555', '8888', '777777', 'aaaaaa', 'aaaaaaaa', 'ccccccc', 'eeeeee', 'eeeeeee', 'eeeeeeee', 'gggggg', 'ggggggg', 'jjjjjjj', 'kkkkkkkk', 'mmmmmm', 'mmmmmmmm', 'oooooo', 'ppppppp', 'rrrrrrr', 'ttttttt', 'vvvvv', 'xxxxxxx', 'zzzzzz', 'zzzzzzz', 'BBBBBB', 'BBBBBBB', 'CCCCCCC']
['x', 'k', 'I', 'Q', '8', 'd', 'a', 'cc', 'v', 'G', 'H', 'L', 'OO', '1', '11', '77', 'aa', 'f', 'g', 'ggg', 'n', 'qq', 'uu', 'vv', 'vvv', 'y', 'CCC', 'GG', 'K', 'M', 'TTT', 'X', 'YY', '111', '3', '555', 'aaa', 'c', 'ee', 'gg', 'j', 'iii', 'kk', 'p', 'rr', 'rrr', 's', 'tt', 'sss', 'u', 'www', 'zz', 'AA', 'E', 'EE', 'EEE', 'JJ', 'KKK', 'OOOO', 'QQQ']
