['Arturo8', 'Valdo9', 'Umberto9', 'Odone9', 'Fiorenzo8', 'Joshua3', 'Vania3', 'Mirko4', 'Jacopo4', 'Edilio2', 'Secondo0', 'Audenico0', 'Primo3', 'Karim1', 'Marcella4', 'Benedetta1', 'Dante5', 'Aroldo4', 'Ettore0', 'Elga3']
['Azue3', 'Nathan3', 'Nayade9', 'Ivano3', 'Joseph3', 'Emanuel7', 'Zelida4', 'Cleopatra7', 'Walter3', 'Gilda5', 'Antonino6', 'Demi9', 'Eriberto1', 'Secondo5', 'Lia2', 'Bibiana6', 'Iacopo2', 'Sebastian4', 'Giacobbe7', 'Loretta4']
['Caligola7', 'Marzio7', 'Santo9', 'Marzio5', 'Ausonio0', 'Ethan9', 'Arduino5', 'Avide3', 'Gioacchino6', 'Amedeo1', 'Renzo6', 'Umberto6', 'Fiorenzo1', 'Laerte5', 'Raniero0', 'Eriberto9', 'Trevis3', 'Rosalba8', 'Anselmo9', 'Gioacchino7']
['Cesidia8', 'Danuta0', 'Adriano0', 'Rebecca2', 'Anastasio7', 'Tommaso8', 'Lidia4', 'Ian2', 'Prisca2', 'Teseo4', 'Fabiano3', 'Leonardo1', 'Cassiopea8', 'Deborah2', 'Thea4', 'Mariagiulia3', 'Mattia9', 'Cleopatra8', 'Osvaldo5', 'Mattia1']
['Cleopatra5', 'Alberto5', 'Sebastian2', 'Rosita1', 'Ermes9', 'Noel4', 'Luce0', 'Damiana2', 'Siro3', 'Kayla9', 'Miriam8', 'Bortolo9', 'Giordano5', 'Mauro7', 'Patrizio4', 'Ferdinando0', 'Priamo0', 'Donatella7', 'Miriana9', 'Emidio9']
['Deborah9', 'Ian0', 'Assia4', 'Trevis2', 'Siro9', 'Lino4', 'Alighiero7', 'Sesto4', 'Michele7', 'Sarita4', 'Baldassarre3', 'Noah6', 'Jelena1', 'Hector0', 'Antimo9', 'Gianantonio6', 'Priamo8', 'Marianita7', 'Diamante4', 'Cirino1']
['Elga8', 'Tancredi6', 'Sirio6', 'Mariano0', 'Clodovea2', 'Laura9', 'Monia6', 'Rebecca5', 'Radames7', 'Moreno5', 'Maggiore2', 'Giacinto6', 'Nestore7', 'Miriana7', 'Samira6', 'Piersilvio0', 'Leonardo7', 'Doriana2', 'Folco6', 'Nathan2']
['Eliziario6', 'Luigi7', 'Ulrico6', 'Radames4', 'Fatima2', 'Eusebio6', 'Fabio9', 'Eriberto7', 'Davide8', 'Assia0', 'Nathan9', 'Ethan3', 'Demi6', 'Liborio8', 'Lamberto6', 'Marvin0', 'Anselmo3', 'Alessio7', 'Ubaldo2', 'Marzio6']
['Enrico1', 'Anastasio3', 'Diamante6', 'Cleros6', 'Terzo7', 'Jari2', 'Cosetta2', 'Mietta0', 'Max1', 'Celeste3', 'Giovanna5', 'Pietro1', 'Eusebio3', 'Miriana4', 'Clodovea1', 'Alessandro3', 'Tristano5', 'Guido1', 'Amedeo5', 'Loredana6']
['Ermes4', 'Ariel9', 'Penelope5', 'Ione9', 'Kai5', 'Primo1', 'Anselmo8', 'Matilde9', 'Oretta9', 'Evangelista9', 'Fabiano1', 'Carmela3', 'Manfredi5', 'Marzio4', 'Davide1', 'Quarto3', 'Nestore8', 'Lauro5', 'Vera2', 'Carlo1']
['Gianantonio3', 'Luce6', 'Marieva8', 'Pablo9', 'Piersilvio3', 'Mietta2', 'Ercole1', 'Filomena3', 'Pacifico5', 'Edilio6', 'Joshua0', 'Maruska3', 'Rita6', 'Armando8', 'Domiziano7', 'Mariagiulia0', 'Marianita8', 'Enzo3', 'Lauro3', 'Arcibaldo8']
['Gianmarco5', 'Erminia8', 'Nestore4', 'Emanuel3', 'Cira8', 'Alan9', 'Nestore6', 'Marino8', 'Nazzareno0', 'Danthon5', 'Samira4', 'Amerigo1', 'Romeo2', 'Edilio5', 'Graziano0', 'Ferdinando6', 'Dylan9', 'Sabino2', 'Rufo5', 'Monia8']
['Giorgio2', 'Mariagiulia4', 'Amedeo6', 'Caligola0', 'Vania2', 'Marcella3', 'Sandro2', 'Ercole2', 'Joseph7', 'Folco4', 'Kris2', 'Romeo4', 'Sibilla4', 'Sasha7', 'Folco8', 'Gaetano5', 'Noah0', 'Sesto2', 'Enzo7', 'Odone8']
['Gregorio2', 'Walter7', 'Ruth1', 'Erminio9', 'Erminio4', 'Giorgio3', 'Gelsomina6', 'Irene7', 'Penelope7', 'Orfeo5', 'Muzio8', 'Bettino1', 'Erminia5', 'Matteo9', 'Laerte0', 'Quasimodo0', 'Marina7', 'Trevis8', 'Folco0', 'Orfeo4']
['Jarno1', 'Odone4', 'Eustachio2', 'Benedetta4', 'Albino1', 'Odino6', 'Valdo2', 'Cira7', 'Oretta5', 'Elio8', 'Fiorentino3', 'Ubaldo1', 'Sue2', 'Giulietta7', 'Ludovico2', 'Italo5', 'Concetta9', 'Karim8', 'Demis2', 'Rosalino0']
['Jole3', 'Giobbe6', 'Laura1', 'Sabatino1', 'Michael4', 'Caio6', 'Mecren5', 'Siro8', 'Brigitta8', 'Maggiore3', 'Liborio4', 'Fabio8', 'Fatima9', 'Filomena4', 'Xavier5', 'Osea9', 'Genziana8', 'Battista3', 'Arduino8', 'Isabel6']
['Kayla3', 'Folco3', 'Gavino8', 'Edipo4', 'Iacopo1', 'Raoul7', 'Jacopo3', 'Luigi4', 'Marianita5', 'Joannes5', 'Quirino1', 'Lidia0', 'Akira3', 'Santo3', 'Gianriccardo2', 'Fatima0', 'Jari0', 'Erminia2', 'Fortunata6', 'Caio2']
['Lidia6', 'Rodolfo9', 'Ercole4', 'Guido6', 'Emanuel1', 'Sue0', 'Dante0', 'Rocco9', 'Cleopatra1', 'Prisca3', 'Edipo5', 'Damiana9', 'Modesto4', 'Artes8', 'Alighieri1', 'Demis3', 'Lorenzo9', 'Maika6', 'Giancarlo3', 'Bettino8']
['Maika9', 'Elsa1', 'Celeste4', 'Mattia6', 'Siro0', 'Ercole8', 'Miriam7', 'Olimpia3', 'Tristano8', 'Lisa0', 'Flaviana6', 'Benedetta5', 'Isabel1', 'Mirko6', 'Timoteo5', 'Sesto8', 'Nestore5', 'Walter1', 'Serse1', 'Osea0']
['Marina6', 'Tolomeo6', 'Furio5', 'Eustachio1', 'Carmela6', 'Osea1', 'Elda4', 'Ercole9', 'Concetta1', 'Costanzo6', 'Gianantonio5', 'Umberto0', 'Renzo5', 'Cleros2', 'Pablo7', 'Loretta1', 'Silvano4', 'Armando5', 'Pacifico0', 'Gerlando9']
['Nico1', 'Ilario9', 'Loredana0', 'Cleros7', 'Brigitta5', 'Cassiopea3', 'Fernando8', 'Timoteo9', 'Ethan7', 'Radames1', 'Violante6', 'Italo9', 'Enzo6', 'Sarita7', 'Guendalina3', 'Marino4', 'Elda2', 'Marina4', 'Rosalba1', 'Tancredi4']
['Nicoletta3', 'Augusto8', 'Enzo0', 'Adriano1', 'Concetta5', 'Orfeo1', 'Xavier7', 'Leonardo0', 'Mietta1', 'Costanzo4', 'Soriana6', 'Bortolo5', 'Gregorio7', 'Gianriccardo3', 'Lazzaro2', 'Egisto1', 'Elsa0', 'Jack2', 'Timoteo4', 'Siro2']
['Orfeo9', 'Sirio1', 'Marcella0', 'Rosaria8', 'Michael9', 'Thea5', 'Oreste0', 'Renato5', 'Costantino7', 'Loris4', 'Cleros4', 'Odino9', 'Mecren9', 'Rosalino2', 'Carmelo4', 'Tazio7', 'Kris3', 'Giorgio6', 'Claudia1', 'Giulio2']
['Rosolino0', 'Bibiana4', 'Fortunata0', 'Marieva7', 'Claudia6', 'Cassiopea9', 'Nico6', 'Orfeo7', 'Gilda2', 'Fiorenzo7', 'Mariagiulia9', 'Ursula5', 'Gianmaria7', 'Laerte9', 'Amerigo5', 'Elio3', 'Gianleonardo6', 'Demis1', 'Antonio9', 'Nabil5']
['Tazio1', 'Gaetano4', 'Alessio3', 'Zaccaria2', 'Armando0', 'Vinicio8', 'Davide5', 'Pierfrancesco0', 'Tancredi5', 'Ileana5', 'Cleros5', 'Sasha9', 'Marianita1', 'Giovanna3', 'Deborah4', 'Rebecca6', 'Nestore3', 'Ludovico9', 'Primo9', 'Tolomeo0']
