['Blake', 'Rachel', 'Lisabeth', 'Goldina', 'Randene', 'Susi', 'Marylou', 'Bonnee', 'Vilma', 'Lia', 'Evangeline', 'Saundra', 'Bibbie', 'HelenElizabeth', 'Madelin', 'Genni', 'Geri', 'Cristina', 'Pavla']
['Brigid', 'Valerie', 'Sara', 'Leilah', 'Lynnett', 'Avivah', 'Lila', 'Coral', 'Madonna', 'Lorraine', 'Thomasina', 'Jeannine', 'Katleen', 'Jada', 'Valentine', 'Bobbie', 'Anya', 'Riannon', 'Clari']
['Camilla', 'Rasla', 'Rosina', 'Drucill', 'Lois', 'Denyse', 'Pia', 'Prudi', 'Megan', 'Raine', 'Anthe', 'Evvy', 'Tressa', 'Charis', 'Delila', 'Christina', 'Kalindi', 'Kinna', 'Inna']
['Chrystel', 'Betteanne', 'Henriette', 'Milena', 'Gayle', 'Biddie', 'Meggy', 'Patti', 'SheilaKathryn', 'Elisabet', 'Tybi', 'Lacey', 'Tanya', 'Lillis', 'Shelby', 'Jaime', 'Cammie', 'Imogen', 'Edi']
['Daisi', 'Chris', 'Dulcea', 'Melva', 'Billy', 'Henrietta', 'Kettie', 'Joannes', 'Winifred', 'Jeralee', 'Kacey', 'Jobina', 'Faith', 'Carline', 'Liz', 'Jodi', 'Tammy', 'Paulina', 'Miquela']
['Elinor', 'Carlye', 'Analise', 'Oliy', 'Anjanette', 'Gerianna', 'Pandora', 'Brandise', 'Kata', 'Ivie', 'Alyce', 'Tersina', 'Janette', 'Zita', 'Licha', 'Jeannie', 'Garland', 'Devinne', 'Neilla']
['Fawne', 'Stefa', 'Siusan', 'Reggi', 'Goldi', 'Emelina', 'Paulette', 'Erinna', 'Kay', 'Robena', 'Terra', 'Jennica', 'Moyra', 'Gaynor', 'Ethelind', 'Harrie', 'Freda', 'Barbe', 'Wilow']
['Gwendolen', 'Marcia', 'Ardine', 'Marla', 'Di', 'Gerrilee', 'Sue', 'Tiffani', 'Ula', 'Patience', 'Eddi', 'Heather', 'Jacquenette', 'Feliza', 'Dianna', 'Sherline', 'Nevsa', 'Therine', 'Phedra']
['Herminia', 'Emilee', 'Idalina', 'Serena', 'Debbie', 'Tatiana', 'Jeannette', 'Reta', 'Mareah', 'Magdaia', 'Bell', 'Loria', 'Deeann', 'Mariette', 'Reeva', 'Bria', 'Jess', 'Rebbecca', 'Eadie']
['Joycelin', 'Frankie', 'Uta', 'Livia', 'Callie', 'Sophie', 'Jaclyn', 'Jane', 'Caryn', 'Koressa', 'Nora', 'Suellen', 'Kania', 'Joleen', 'Shayna', 'Joly', 'Vickie', 'Nerta', 'Cayla']
['Lauretta', 'Marley', 'Gabriell', 'Carree', 'Idell', 'Jessika', 'Geralda', 'Laverna', 'Lorinda', 'Fayina', 'Danell', 'Kassia', 'Lanni', 'Sharron', 'Costanza', 'Lyn', 'Carmelia', 'Karol', 'Natala']
['Lita', 'Thalia', 'Libbi', 'Zoe', 'Gigi', 'Ardenia', 'Maryl', 'Fayth', 'Jasmin', 'Philomena', 'Edeline', 'Karlotta', 'Tessy', 'Shay', 'Brynna', 'Jeniffer', 'Christabel', 'Arliene', 'Roseann']
['Madalena', 'Nicoli', 'Brynne', 'Madelyn', 'Cordie', 'Laraine', 'Lina', 'Kaylyn', 'Wendeline', 'Mehetabel', 'Constantina', 'Coretta', 'Marice', 'Kora', 'Corinna', 'Dayle', 'Rosene', 'Trude', 'Claudina']
['Mia', 'Jessamyn', 'Kylen', 'Laureen', 'Noelyn', 'Lilla', 'Willabella', 'Isabelle', 'Esmaria', 'Laura', 'Renae', 'Rosalinde', 'Genna', 'Hatty', 'Ashli', 'Linette', 'Corella', 'Penny', 'Mina']
['Myrilla', 'Jsandye', 'Kippy', 'Essa', 'Una', 'Catina', 'Hendrika', 'Lavinia', 'Laurice', 'Amitie', 'Natalina', 'Annie', 'Wilone', 'Tresa', 'Shani', 'Annalee', 'Renelle', 'Constantia', 'Grazia']
['Nelia', 'Vi', 'AnnaDiane', 'Ginger', 'Jolie', 'Toni', 'Emmy', 'Lorrin', 'Misti', 'Tova', 'Giselle', 'Dana', 'Mariejeanne', 'Maryjo', 'Brandie', 'Melodie', 'Elayne', 'Alvina', 'Sheree']
['Ondrea', 'Hyacinth', 'Maddalena', 'Amabel', 'Giralda', 'Shayne', 'Heidie', 'Cate', 'Stepha', 'Jenna', 'Andree', 'Lori', 'Shelia', 'Starr', 'Cynde', 'Sheena', 'Chelsea', 'AnnaDiana', 'Veronike']
['Ortensia', 'Deny', 'Rozanna', 'Nomi', 'Tilda', 'Toma', 'Cecelia', 'Pansie', 'Lona', 'Ealasaid', 'Vanessa', 'Keri', 'Cinnamon', 'Clemmie', 'Lisbeth', 'Marjie', 'Leona', 'Sofia', 'Aubrette']
['Paula', 'Zorana', 'Vallie', 'Lorna', 'Pierrette', 'Cory', 'Cherry', 'Emmalynne', 'Dulcie', 'Raye', 'Midge', 'Courtnay', 'Ashely', 'Gwenette', 'Crystie', 'Lindsy', 'Andriette', 'Corey', 'Gussy']
['Raven', 'Ashlen', 'Dolores', 'Sibylle', 'Susana', 'Karisa', 'Sallyanne', 'Eula', 'Nerissa', 'Camille', 'Trista', 'Phillis', 'Phil', 'Katha', 'Honey', 'Merline', 'Yalonda', 'Martguerita', 'Katalin']
['Romonda', 'Tobi', 'Meris', 'Donella', 'Janey', 'Kerstin', 'Merrielle', 'Pippy', 'Sheeree', 'Kelcey', 'Dulcia', 'Nolana', 'Marlyn', 'Almeda', 'Vonny', 'Tanhya', 'Vivia', 'Viva', 'Mable']
['Rosalind', 'Siobhan', 'Arleyne', 'Libby', 'Lorena', 'Sayre', 'Erna', 'Brenn', 'Ellie', 'Kiersten', 'Helenka', 'Jorey', 'Bessy', 'Clemmy', 'Debby']
['Sharla', 'Flori', 'Matilda', 'Allsun', 'Kial', 'Marigold', 'Vin', 'Harriett', 'Kellen', 'Johnette', 'Christin', 'Natka', 'Shaina', 'Pollyanna', 'Kathlin', 'Barbaraanne']
['Sheilah']
['Silva', 'Minnnie', 'Lettie', 'Laverne', 'Kristin', 'Tamarah', 'Eve', 'Ray', 'Darcee', 'Fredelia', 'Shelli', 'Leora', 'Nadine', 'Erma', 'Sephira', 'Tamarra', 'Neila', 'Verina', 'Cordy']
