['Adela', 'Queen', 'Major', 'Alice']
['April']
['Barry', 'Ernie', 'Myron', 'Vicky', 'Josef', 'Erika', 'Cindy', 'Irvin', 'Viola', 'Holly', 'Marty', 'Chris', 'Bryon', 'Avery', 'Jamar', 'Essie', 'Paige', 'Wendi', 'Edwin', 'Joyce', 'Ilene', 'Buddy', 'Leroy', 'Brent', 'Aaron', 'Rhoda', 'Sheri', 'Jared', 'Marci', 'Ronny', 'Tessa', 'Lorna', 'Hilda', 'Roxie', 'Sonja', 'Arlen', 'Erica', 'Monty', 'Sally', 'Sammy', 'Leila', 'Sybil', 'Willy', 'Wendy', 'Shane', 'Mamie', 'Alton', 'Mason', 'Mitch', 'Tonia']
['Benny']
['Brant']
['Daisy', 'James', 'Hazel', 'Rhett', 'Darin', 'Renee', 'Elias', 'Ariel', 'Wilma', 'Louis', 'Freda', 'Odell', 'Chase', 'Chong', 'Kevin', 'Davis', 'Mandy', 'Clyde', 'Brady', 'Jamel', 'Erick', 'Brock', 'Dusty', 'Corey', 'Kirby', 'Teddy', 'Dwain', 'Annie', 'Fritz', 'Rusty', 'Billy', 'Shaun', 'Dante', 'Elena', 'Audra', 'Leann', 'Orval', 'Homer', 'Clara', 'Hyman', 'Mario', 'Tanya', 'Joann', 'Lanny', 'Jacob', 'Deann', 'Donna', 'Rufus', 'Misty', 'Tonya']
['Eddie']
['Elvin']
['Emily']
['Jason']
['Karin', 'Trent', 'Donny', 'Margo', 'Lorie', 'Marcy', 'Kayla', 'Malik', 'Melba', 'Casey', 'Wally', 'Laura', 'Gayle', 'Vilma', 'Nikki', 'Elsie', 'Dario', 'Amado', 'Maude', 'Bryce', 'Bette', 'Peter', 'Effie', 'Sandy', 'Fidel', 'Kathy', 'Katie', 'Linda', 'Betsy', 'Sonny', 'Garry', 'Devin', 'Terry', 'Julia', 'Naomi', 'Jaime', 'Candy', 'Issac', 'Marla', 'Aline', 'Felix', 'Moses', 'Bruno', 'Cyrus', 'Ahmad', 'Chang', 'Claud', 'Basil', 'Alvin', 'Wyatt']
['Leona', 'Maura', 'Steve', 'Lydia', 'Tasha', 'Lucio', 'Jayne', 'Jonah', 'Adele', 'Elmer', 'David', 'Britt', 'Ervin', 'Josie', 'Carly', 'Ebony', 'Bobbi', 'Helga', 'Maria', 'Mable', 'Della', 'Zelma', 'Allan', 'Nelda', 'Mitzi', 'Ollie', 'Quinn', 'Roger', 'Mikel', 'Dixie', 'Greta', 'Cesar', 'Staci', 'Lauri', 'Perry', 'Carla', 'Clark', 'Lyman', 'Danny', 'Brian', 'Patti', 'Ellen', 'Becky', 'Emery', 'Sadie', 'Janet', 'Tracy', 'Doris', 'Bryan', 'Tommy']
['Micah']
['Nancy']
['Pansy']
['Pearl']
['Roman']
['Sofia']
['Twila']
['Wanda', 'Craig', 'Robyn', 'Flora', 'Tyron', 'Ruben', 'Lacey', 'Janis', 'Tammi', 'Daron', 'Randi', 'Julio', 'Elvia', 'Cliff', 'Robin', 'Nadia', 'Pedro', 'Kelly', 'Amber', 'Moshe', 'Debra', 'Timmy', 'Randy', 'Grant', 'Olive', 'Terri', 'Karen', 'Merle', 'Berta', 'Percy', 'Clint', 'Verna']
