['AAK', 'AAL', 'AAO', 'AAP', 'ABF', 'AER', 'AAA', 'AAB', 'AAC', 'AAD', 'AAE', 'AAF', 'AAG', 'AAH', 'AAJ', 'AAQ', 'AAR', 'AAS']
['AAX', 'ABA', 'ABH', 'ABI', 'ABK', 'ABL', 'ABP', 'ABQ', 'ABR', 'ABV', 'ABW', 'ABY', 'ACA', 'ACB', 'ACC', 'ACH', 'ACL', 'ACP']
['ABE', 'ABG', 'ABM', 'ABO', 'ABS', 'ABU', 'ACK', 'ACN', 'ACQ', 'ACU', 'ACX', 'ADA', 'ADB', 'ADC', 'ADH', 'ADJ', 'ADL', 'ADM']
['ABJ', 'ABN', 'ABT', 'ABX', 'ACE', 'ACG', 'ACI', 'ACM', 'ACO', 'ADG', 'ADI', 'ADR', 'ADX', 'ADY', 'AEG', 'AEH', 'AEM', 'AEN']
['ACD', 'ACJ', 'ACS', 'ACV', 'ACY', 'ADV', 'AEJ', 'AEK', 'AEP', 'AEW', 'AFH', 'AFI', 'AFO', 'AFQ', 'AFT', 'AFV', 'AGA', 'AGB']
['ACR', 'ACT', 'ACW', 'ADD', 'ADT', 'ADW', 'AED', 'AGD', 'AAI', 'AAN', 'AAT', 'AAU', 'AAV', 'AAW', 'AAY', 'ABB', 'ABC', 'ABD']
['ADN', 'ADQ', 'ADS', 'ADU', 'AEC', 'AEE', 'AEF', 'AEL', 'AET', 'AEV', 'AFG', 'AFN', 'AFP', 'AFR', 'AGI', 'AHD', 'AHH', 'AAM']
['AEO', 'AEX', 'AFC', 'AFE', 'AFF', 'AFJ', 'AFS', 'AFU', 'AFX', 'AFY', 'AGM', 'AGS', 'AGX', 'AHR', 'AHV', 'AIB', 'ALF', 'ALU']
['AFL', 'AFW', 'AGF', 'AGJ', 'AGL', 'AGR', 'AGW', 'AHA', 'AHC', 'AHJ', 'AHP', 'AHQ', 'AIC', 'AIH', 'AII', 'AIO', 'AIT', 'AJC']
['AGC', 'AGE', 'AGG', 'AGH', 'AGU', 'AGV', 'AGY', 'AHL', 'AID', 'AIJ', 'AIK', 'AIP', 'AIR', 'AIU', 'AJE', 'AKD', 'AKM', 'AMB']
['AHG', 'AHK', 'AHO', 'AHS', 'AHW', 'AHY', 'AIA', 'AIG', 'AIL', 'AIQ', 'AIY', 'AJA', 'AJB', 'AJI', 'AJL', 'AJN', 'AJQ', 'AJU']
['AHN', 'AHU', 'AIF', 'AIM', 'AIS', 'AIV', 'AIW', 'AIX', 'AJD', 'AKF', 'AKQ', 'AKS', 'AMI', 'AMW', 'ANE', 'ADO', 'AEQ', 'AFK']
['AJG', 'AJH', 'AJM', 'AJO', 'AJS', 'AKC', 'AKG', 'AKV', 'AKY', 'ALN', 'ALY', 'AMA', 'AND', 'ANG', 'AFA', 'AFD', 'AGQ', 'AHB']
['AKJ', 'AKN', 'AKX', 'ALB', 'ALL', 'ALM', 'ALP', 'ALQ', 'ALR', 'ALV', 'AMD', 'AMF', 'AMN', 'AMO', 'AMY', 'ANI', 'ANL', 'AOD']
['AKL', 'AKR', 'AKU', 'AKW', 'ALD', 'ALE', 'ALH', 'ALS', 'AML', 'AMM', 'AMQ', 'AMS', 'ANM', 'ANV', 'ANY', 'AOB', 'AOF', 'AOM']
['AMP', 'ACF', 'ADE', 'ADK', 'ADP', 'AEA', 'AEB', 'AEI', 'AES', 'AEU', 'AEY', 'AFB', 'AFM', 'AGK', 'AGN', 'AGP', 'AGT', 'AHF']
['AMX', 'ANA', 'ANQ', 'ANS', 'ANT', 'ANW', 'ANX', 'AOC', 'AOO', 'AOS', 'AOW', 'AOY', 'APA', 'APC', 'APD', 'API', 'APQ', 'APV']
['ANK', 'ANP', 'ANR', 'ANU', 'AOA', 'AOG', 'AOI', 'AOK', 'AOL', 'AON', 'AOP', 'APF', 'APH', 'APN', 'APS', 'APW', 'AQA', 'AQL']
['AOJ', 'AHE', 'AHM', 'AHX', 'AIE', 'AJF', 'AJJ', 'AJK', 'AJP', 'AJR', 'AJT', 'AJV', 'AJX', 'AJY', 'AKE', 'AKH', 'AKI', 'AKK']
['AOQ', 'AOT', 'AOV', 'APB', 'APJ', 'AHT', 'AJW', 'AKA', 'AKO', 'AKP', 'ALC', 'ALG', 'ALO', 'ALW', 'AMC', 'AME', 'AMT', 'AMV']
['APP', 'APY', 'AQD', 'AQF', 'AQH', 'AQJ', 'AQM', 'AQO', 'AQS', 'AQU', 'AQY', 'ARB', 'ARD', 'ARE', 'ARF', 'ARG', 'ARM', 'ARU']
['APX', 'AQB', 'AQG', 'AQI', 'AQN', 'AIN', 'AKB', 'AKT', 'ALI', 'ALJ', 'ALK', 'ALT', 'ALX', 'AMG', 'AMK', 'AMU', 'ANC', 'ANJ']
['AQP', 'AQQ', 'AQT', 'AQV', 'AQX', 'ARK', 'ARL', 'ARO', 'ARP', 'ARQ', 'ASA', 'ASD', 'ASF', 'ASH', 'ASI', 'ASJ', 'ASK', 'ASL']
['AQW', 'ARH', 'ARJ', 'ARR', 'ARV', 'AMH', 'AMR', 'ANB', 'ANN', 'ANO', 'AOE', 'AOR', 'AOU', 'AOX', 'APG', 'APL', 'APM', 'APO']
['ARX', 'ARY', 'ASB', 'ASE', 'ASQ', 'ATG', 'ADF', 'ALA', 'AMJ', 'ANF', 'AOH', 'APE', 'APR', 'APT', 'APU', 'AQC', 'AQE', 'AQK']
['ASM', 'ASO', 'ASP', 'ASR', 'ASS', 'ASU', 'ATB', 'ATM', 'ATQ', 'AGO', 'AHI', 'ANH', 'APK', 'AQR', 'ARA', 'ARC', 'ARI', 'ARN']
['ATJ', 'ARS', 'ART', 'ARW', 'ASC', 'ASG', 'ASN', 'AST', 'ASV', 'ASW', 'ASX', 'ASY', 'ATA', 'ATC', 'ATD', 'ATE', 'ATF', 'ATH']
['ATK', 'ATI']
['ATL']
['ATN']
['ATO']
['ATP']
['ATR']
['ATS']
['ATT']
['ATU']
['ATV']
['ATW']
['ATX']
['ATY']
