['Alex']
['Alexander']
['Alfred']
['Andrea']
['Arturo']
['Ashley']
['Bernard']
['Bethany']
['Beulah']
['Burl']
['Calvin']
['Caridad']
['Carmelita']
['Cassandra']
['Cassie']
['Cecile']
['Cecilia']
['Chris']
['Christina']
['Clarence']
['Clarissa']
['Clayton']
['Danielle']
['Danny']
['Dean']
['Dorothy']
['Elia']
['Ellen']
['Emmie']
['Erik']
['Esther']
['Eugene']
['Frederick']
['Garrett']
['Gerardo']
['Gertrude']
['Gilda']
['Glennie']
['Grant']
['Harvey']
['Imogene']
['Ingeborg']
['Jacque']
['Janene']
['Jeanine']
['Jeffery']
['Jeremy']
['Jonathan']
['Keri']
['Kerrie']
['Kim']
['Kimberly']
['Kristin']
['Lahoma']
['Lana']
['Laura']
['Laurence']
['Laurie', 'Kristine', 'Harold', 'Lena', 'Corey', 'Margaret', 'Crystal', 'Lisha', 'Belinda', 'Marjorie', 'Jessica', 'Jeffrey', 'Glenna', 'Glen', 'Moses', 'Brian', 'Brenda', 'Ruby', 'George', 'Everett', 'Ollie', 'Morris', 'Frank', 'Carl', 'Tracy', 'Antonio', 'Berta', 'Carol', 'Helen', 'Carmen', 'Jennifer', 'Emily', 'Joann', 'Teresa', 'Bertha', 'Selina', 'Tony', 'Vella', 'Mireya', 'Samuel', 'Adele', 'Linda', 'Derrick', 'Ralph', 'Marlin', 'Melanie', 'Clyde', 'Annette', 'Leona', 'Latisha', 'Walter', 'Sylvia', 'Heather', 'Sharon', 'Wayne', 'Deanna', 'Travis', 'Victor', 'Elizabeth', 'Scot', 'Margarito', 'Hedwig', 'Annalee', 'April', 'Robin', 'Gladys', 'Juanita', 'Constance', 'Ursula', 'Marion', 'Roberta', 'Krysten', 'Justin', 'Guy', 'Gordon', 'Darlene', 'Judy', 'Lillian', 'Kevin', 'Fredrick', 'Paula', 'Rosa', 'Eura', 'Jesus', 'Raul', 'Fredda', 'Blair', 'Freda', 'Wanda', 'Marian', 'Lessie', 'Sylvester', 'Stacy', 'Geraldine', 'Philip', 'Bradley', 'Anthony', 'Maria', 'Inez', 'Reginald', 'Elsie', 'Polly', 'Lydia', 'Roosevelt', 'Wesley', 'Kisha', 'Beth', 'Patrick', 'Jason', 'Reinaldo', 'Andrew', 'Amy', 'Matt', 'Darrell', 'Janet', 'Terry', 'Dorothea', 'Audrey', 'Dale', 'Reuben', 'Peter', 'Quintin', 'Toni', 'Raymond', 'Thelma']
['Lawrence']
['Leanne']
['Lewis']
['Lilian']
['Lori']
['Louis']
['Lucille']
['Lucy']
['Lulu']
['Lyle']
['Mable']
['Marco']
['Margert']
['Marquerite']
['Maryann']
['Matthew']
['Michelle']
['Mildred']
['Miles']
['Molly']
['Monica']
['Natalie']
['Nina']
['Norma']
['Pamela', 'Veronica', 'Curtis', 'Francisco', 'Larry', 'Dana', 'Therese', 'Derek', 'Emery', 'Jodi', 'Sarita', 'Herbert', 'Nancy', 'Pablo', 'Phillip', 'Marcella', 'Diana', 'Betty', 'Jeff', 'Charlotte', 'Daniel', 'Tuan', 'Nelson', 'Irene', 'Jane', 'Stephen', 'Deborah', 'Joanne', 'Steve', 'Jorge', 'Tommy', 'Andre', 'Gail', 'Peggy', 'Don', 'Kenneth', 'Lloyd', 'Bruce', 'Kathryn', 'Leigh', 'Roger', 'Jean', 'Jimmy', 'Angelica', 'Andres', 'Wallace', 'Cornelius', 'Phyllis', 'Del', 'Wilma', 'Kellie', 'Doris', 'Joshua', 'Maureen', 'Eugenia', 'Willie', 'Jayme', 'Georgette', 'Gwen', 'Carlos', 'Ivonne', 'Ouida', 'Cesar', 'Carole', 'Priscilla', 'Eva', 'Domingo', 'Josephine', 'Myriam', 'Fred', 'Alice', 'Jacob', 'Ernestine', 'Craig', 'Gloria', 'Ana', 'Marcelino', 'Tanya', 'Lucie', 'Rosalee', 'Wendy', 'Theodore', 'Amos', 'Rosalyn', 'Dawna', 'Ellis', 'Lonnie', 'Suzie']
['Raeann']
['Rafael']
['Randolph']
['Raphael']
['Rebecca']
['Reggie']
['Rhonda']
['Rick']
['Ricky']
['Roy', 'Ryan', 'Joseph', 'Juan', 'Patricia', 'Martha', 'Richard', 'Evelyn', 'Tim', 'Thomas', 'Rolf', 'Douglas', 'Ronald', 'Mark', 'Mario', 'Ida', 'Gary', 'Dawn', 'Kerri', 'Irving', 'Mary', 'Pauline', 'Debra', 'Roberto', 'Pat', 'Nicole', 'Rachel', 'Kaitlyn', 'Karren', 'Jose', 'Fernando', 'Pamella', 'Tara', 'Kirk', 'Alicia', 'Christian', 'Kelly', 'Troy', 'Charles', 'Myron', 'Rosie', 'Michele', 'Edward', 'Shirley', 'Nola', 'Martin', 'Gerald', 'Alison', 'Ann', 'Ray', 'Angela', 'Mike', 'Bessie', 'Jo', 'Melissa', 'John', 'Stanley', 'Leticia', 'Virginia', 'Michael', 'Edwin', 'William', 'Steven', 'Anna', 'Jesse', 'Robyn', 'Katherine', 'Eleanor', 'Kylie', 'Cathy', 'Mabel', 'Marlene', 'Susan', 'Adam', 'Bobby', 'Winifred', 'Warren', 'Lorraine', 'Cheryl', 'Gregory', 'Catherine', 'Bonnie', 'Norman', 'Mae', 'Miguel', 'Albert', 'Karen', 'Stephanie', 'Paul', 'Dennis', 'Cory', 'Marie', 'Booker', 'Joe', 'Shannon', 'Donna', 'Loraine', 'Brandon', 'Pete', 'James', 'Lynne', 'Robert', 'Barbara', 'Beverly', 'Alvin', 'Morgan', 'Cindy', 'David', 'Ruth', 'Lane', 'Judith', 'Mack', 'Marilyn', 'Ronda', 'Olivia', 'Christopher', 'Tamika', 'Joni', 'Hugh', 'Donald', 'Connie', 'Kathleen', 'Eric', 'Ernest', 'Christine']
['Sally']
['Sam']
['Selma']
['Seth']
['Sherri']
['Sheryl']
['Sofia']
['Stacie']
['Stephany']
['Susanna']
['Theresa']
['Timothy']
['Viola']
['Ward']
['Will']
['Willis']
['Wilson']
['Winnifred']
