['AAL', 'ANU', 'AMI', 'AMO', 'ALP', 'AMP', 'AJV', 'AKC', 'ANX', 'ANG', 'AMW', 'ANJ', 'AID', 'AMS', 'AIF', 'AKZ', 'ANQ', 'AHW', 'AJM']
['AAP', 'AKS', 'AIA', 'AMC', 'AIJ', 'AJI', 'AGM', 'AGG', 'AJP', 'ALL', 'ANM', 'AHZ', 'AHT', 'AGP', 'AOF', 'AFY', 'AKF', 'APE', 'AFC']
['ACA', 'AGZ', 'AJA', 'AEB', 'AMZ', 'AJE', 'AOJ', 'APF', 'AGK', 'AJB', 'AHO', 'AQK', 'ADQ', 'AFI', 'AHG', 'AFL', 'ANR', 'ADY', 'AGL']
['ACQ', 'AFK', 'APV', 'ALK', 'AAX', 'ACE', 'AMH', 'AIO', 'AMX', 'AAS', 'AAY', 'ABV', 'AAR', 'ABB', 'AMF', 'ADC', 'AAK', 'AAN', 'ABC']
['ACY', 'AEH', 'AGC', 'AIL', 'AKN', 'APY', 'AHV', 'AML', 'APH', 'AFF', 'ALB', 'AHL', 'AKK', 'AFG', 'AHD', 'AKV', 'AJY', 'AFT', 'AOC']
['ADS', 'AOR', 'AGX', 'AAJ', 'AAO', 'ABE', 'AEW', 'AIR', 'AOU', 'AAG', 'AAU', 'ABF', 'ABW', 'ACX', 'AAD', 'AAH', 'AAE', 'AAC', 'AAA']
['AEV', 'ACK', 'ALH', 'ACR', 'ADO', 'APO', 'ADD', 'AES', 'AQO', 'AQF', 'AFW', 'ALT', 'ABQ', 'ADH', 'ADT', 'AOZ', 'AGR', 'AFO', 'ABR']
['AFE', 'AFP', 'AQL', 'ADR', 'AOT', 'AFQ', 'APW', 'ADX', 'AGI', 'AQI', 'AFJ', 'AHI', 'ACP', 'AFN', 'ACD', 'APT', 'AFM', 'AMD', 'ACM']
['AFX', 'APJ', 'AET', 'ADL', 'AQN', 'AGF', 'ANB', 'AQD', 'ADW', 'AHH', 'ALN', 'APK', 'AFH', 'AOW', 'AEU', 'AGJ', 'ALJ', 'AQJ', 'ADN']
['AGV', 'AEZ', 'APR', 'AHJ', 'AAV', 'ABK', 'ACW', 'AEA', 'AOV', 'ACL', 'AEK', 'AQB', 'AHR', 'AJW', 'ABN', 'ACO', 'AEE', 'APM', 'AFR']
['AHB', 'ANV', 'ACV', 'API', 'AIT', 'ALU', 'ADK', 'AQM', 'AEQ', 'ALS', 'ACI', 'APQ', 'AHE', 'ACG', 'APX', 'AEM', 'AHF', 'AOI', 'ADJ']
['AIU', 'AJO', 'AIH', 'AKJ', 'AIE', 'AKG', 'AGT', 'AGH', 'AJX', 'AGQ', 'AOB', 'AHQ', 'AOL', 'AIC', 'AJF', 'AIG', 'ANP', 'AHY', 'AKO']
['AIY', 'ALF', 'AHC', 'ALX', 'AII', 'ANA', 'AIM', 'AHU', 'AIZ', 'AIX', 'ANE', 'ADP', 'AGB', 'AEY', 'APD', 'AHS', 'AKA', 'AOQ', 'AEG']
['AJQ', 'ANS', 'AKR', 'ANF', 'ANN', 'AJL', 'ANY', 'ALW', 'AMT', 'AOK', 'AKL', 'AOH', 'AJG', 'AMR', 'AMN', 'AKI', 'AMK', 'ALC', 'AME']
['AJU', 'ANL', 'AKD', 'ANK', 'AMV', 'AMU', 'AJC', 'AKY', 'AKT', 'AKU', 'ALR', 'AGE', 'ALV', 'AHA', 'AKQ', 'AIK', 'AHK', 'AKH', 'AGN']
['AKB', 'ALM', 'ANO', 'AOD', 'ALQ', 'AMB', 'AMM', 'ALO', 'AJR', 'AJH', 'AMY', 'AJJ', 'ANZ', 'AKP', 'AMJ', 'AMQ', 'ANT', 'AJT', 'ANH']
['AKM', 'AAT', 'AAZ', 'ABU', 'ADZ', 'AOO', 'AIW', 'ALY', 'ABJ', 'ACF', 'ALE', 'ACB', 'ADA', 'AJS', 'AAM', 'ADM', 'AIS', 'AOS', 'AMG']
['ALZ', 'AFS', 'ALA', 'AIP', 'AOM', 'AIB', 'ANI', 'AHM', 'AKW', 'AGO', 'AMA', 'AHX', 'AHN', 'AFU', 'AJZ', 'AGY', 'ALI', 'AIV', 'AJK']
['AOG', 'AQA', 'AEC', 'APN', 'AFD', 'AHP', 'AOX', 'AFB', 'AFZ', 'AQE', 'AEF', 'AJD', 'AQH', 'AED', 'AOE', 'APC', 'ADU', 'ALD', 'APG']
['AOY', 'AEI', 'ABX', 'ACJ', 'AOP', 'AFV', 'AOA', 'ABM', 'ACN', 'AON', 'AEN', 'ACC', 'ADI', 'AER', 'APP', 'AIQ', 'ABT', 'ADB', 'AEX']
['APL', 'ABS', 'AEP', 'APS', 'AGU', 'ABO', 'AGW', 'ANC', 'ABP', 'AGS', 'AKE', 'AAW', 'ACU', 'ABL', 'AEJ', 'ABH', 'ALG', 'ABA', 'ABI']
['APU', 'AAI', 'AAQ', 'ABG', 'ABY', 'ACH', 'AEO', 'AIN', 'AND', 'APZ', 'AAB', 'AAF', 'ABD']
['AQC', 'AFA', 'AGD', 'AJN', 'AQG', 'ACT', 'AKX', 'APB', 'ACZ', 'ANW', 'ADE', 'APA', 'ADV', 'ADF', 'AEL', 'ADG', 'AGA', 'ABZ', 'ACS']
