['ALXRH', 'BPZOY', 'CSQHY', 'NDLFM', 'XEEVL']
['ARMIC', 'YWPLR', 'YNIQG', 'CUUFQ', 'HCVBR']
['BEIFF', 'WSVIR', 'CPJBS', 'ZIJNW', 'ABYHN']
['BLHOQ', 'OMYLR', 'FSTKF', 'XNYRJ', 'CKHRK']
['BPLLS', 'EHMWV', 'WDGCR', 'IAMKK', 'UDTFQ']
['CBJEL', 'CIILB', 'VGCRP', 'UGKUC', 'IKHTD']
['CFMPM', 'GEQFC', 'QQUYY', 'PVVAV', 'SGTRH']
['CIBMR', 'QGXZJ', 'NUSHB', 'IGQNP', 'DUAEB']
['CQBIT', 'INTFC', 'WAQDW', 'LYGHF', 'SAVNS']
['CVNCZ', 'XBLXM', 'JMYIA', 'VATKD', 'DVLFX']
['DKHZJ', 'JAFZN', 'VIPLF', 'GUDYJ', 'ZYPEK']
['DVRRV', 'FBWOW', 'QAOAR', 'ENKVR', 'LCHJI']
['ECNTU', 'GJRAV', 'VGUGP', 'VQDCT', 'PQAHJ']
['EHHWX', 'RDCTS', 'APXMD', 'ZEPYJ', 'NVSYK']
['ENWEP', 'TFWCC', 'VLEXY', 'VYDDY', 'RCZHM']
['ETYTK', 'ZPTPS', 'QSVBC', 'JTHWI', 'EYFRR']
['FZQXE', 'IVZGD', 'QUECI', 'GNCHO', 'VSPLU']
['FZRBE', 'ZRVWH', 'XXFSV', 'IAADS', 'SPHAJ']
['GBGAG', 'HWSJL', 'RMUXW', 'CCNPM', 'MXMMA']
['HAXVF', 'FZBVB', 'NSTKH', 'QPVND', 'WCFRY']
['IBUGB', 'CIPCP', 'GLIPE', 'WHRVK', 'SKBJW']
['IGAXC', 'SHLYA', 'NKCOJ', 'TUSMK', 'QQXNO']
['IRAUO', 'PKBGA', 'UJHDY', 'MWVBQ', 'RWZXF']
['IZMEQ', 'CHIJG', 'WOIJX', 'BNJLP', 'QCHPG']
['JEBNF', 'FGDHQ', 'LIQGP', 'AWDBE', 'SGXHX']
['JXGHX', 'KSCIB', 'YWCZV', 'EBLCO', 'JHGWB']
['KQUJH', 'KXMSB', 'GICKM', 'DCJPL', 'XAOMD']
['KUMCW', 'PQDFC', 'XUYPR', 'CKFJL', 'HATBR']
['LBKGE', 'YBAFX', 'TTIDN', 'YQPNL', 'TVCFA']
['LPHWP', 'ZQDIP', 'FVYLB', 'JQBSO', 'OJGET']
['LVBGW', 'VQAKV', 'GCQTP', 'XUHAP', 'SVMGK']
['MEKWP', 'XXRUC', 'SZXFW', 'HFDOF', 'BTWAZ']
['MESKQ', 'VXLZU', 'UGVLA', 'CIOFH', 'KPECP']
['MRXML', 'UHYVL', 'HKVZW', 'LNIAF', 'TYMOI']
['MYAVD', 'GAEKQ', 'VWJWK', 'OAGEZ', 'PKHDM']
['NCDJQ', 'FXUHH', 'ACMPF', 'XBSXA', 'OQSOU']
['NSAJQ', 'NLRBO', 'HNXEZ', 'QGGOH', 'GVYUW']
['OCOQX', 'MXBHP', 'XWMKT', 'WGGGP', 'AICHQ']
['OKPQW', 'EADHZ', 'BNYBV', 'CPTCX', 'RURLC']
['OSLVS', 'IGUWL', 'HTJHJ', 'KYKCO', 'WLCAR']
['OTQON', 'VVCGQ', 'ALMIE', 'MTCGB', 'TNZEA']
['OUQMM', 'YORBA', 'UFVEC', 'FJPVZ', 'VBRPO']
['OXRUQ', 'ZBJTS', 'ZJPJO', 'TEFPC', 'NHQWU']
['PABIC', 'GZQDO', 'QBVUY', 'KHNJL', 'BGOJW']
['PGHQU', 'BVCTY', 'VTOZN', 'KRWXO', 'CBNUD']
['PSZDK', 'EAITX', 'QECFT', 'PTRTD', 'UHOTV']
['PXCKJ', 'FDGQA', 'QIALM', 'FELNZ', 'SIGOM']
['QBZQQ', 'HGJEC', 'EWNSH', 'EFKRH', 'MIKDS']
['QCRLR', 'DSUJE', 'FEUEQ', 'RFWKF', 'RJIED']
['QVNNO', 'IZZTZ', 'SEYUH', 'UHSWZ', 'PECLI']
['QYWKX', 'GOXXP', 'QGRPC', 'AGDTK', 'BJTHH']
['RJDRX', 'DSQUZ', 'YXPNV', 'GWJWE', 'AXQPJ']
['RQZPM', 'KENPF', 'XBTFE', 'OENWP', 'WJIWZ']
['RUYNY', 'THQAC', 'ACJRU', 'OVYUV', 'QIZOX']
['SJJMM', 'YFRIJ', 'NWAHL', 'AWUBI', 'KEMJT']
['SROSJ', 'ZJQQO', 'ZCVZT', 'FXFUX', 'KDZKT']
['TAHXC', 'OLFRP', 'JOZYK', 'NSDMC', 'PLFWC']
['TBZDI', 'WWYEF', 'WAHPX', 'LSZMU', 'DFBMK']
['TFEWH', 'TBPZM', 'CLLNQ', 'IXMQO', 'SYIZZ']
['TFGVT', 'DKSJV', 'SRUUN', 'RMJIF', 'QSYML']
['TKJBK', 'JCOPI', 'HNKDE', 'ERTVL', 'WTGUO']
['TLZCG', 'BBVXC', 'KXUES', 'VXIFI', 'OZZTI']
['UCLPW', 'ZHVLK', 'BWWYB', 'LIGPC', 'QYLAH']
['UCQZE', 'HSIWG', 'ZNMAJ', 'DFVZW', 'DBIOJ']
['UQKOV', 'OVYDG', 'KCHSD', 'VPSEI', 'AILUZ']
['VFFHE', 'SGRXP', 'VNVFZ', 'ZUTJZ', 'FCJLJ']
['WJAIQ', 'UZKCN', 'SFQST', 'VATRQ', 'YJPCO']
['WUTXG', 'ORRXP', 'ONQWA', 'OKQTW', 'DLKKW']
['XCTJB', 'VLQCW', 'UJESQ', 'AHMRO', 'JWSRE']
['XFNKQ', 'OXRDD', 'YJCIZ', 'EAEIR', 'KGIPC']
['XGNPD', 'EOCJX', 'MQDQQ', 'PSVNQ', 'WPGRW']
['XIDUV', 'SMSHQ', 'BBKUO', 'EGIIY', 'CIUZU']
['YQSUZ', 'UBCVC', 'WNYYG', 'QNUDR', 'TAIVA']
['ZJNIT', 'ERQBP', 'RUGKU', 'WUCQA', 'HXXMK']
['ZLQYF', 'FCWUA', 'TKYGG', 'SRFIJ', 'IRNCA']
