['Ace', 'Klute', 'Agosto', 'Zelma', 'Sandeep', 'Beebe', 'Anuska', 'Bevon', 'Shanly', 'Kinzer', 'Barby', 'Letta', 'Winebaum', 'Farro', 'Marijn', 'Dela', 'Griswold', 'Sumer', 'Corkhill', 'Jenkel', 'Serafine', 'Bran', 'Jessalin', 'Lenhart', 'Hadleigh', 'Udell', 'Worlock', 'Safire', 'Janaya', 'Doroteya', 'Davidde', 'Vaish', 'Roanna', 'Halimeda', 'Knute']
['Adriane', 'Gombosi', 'Earlene', 'Girardo', 'Evangeline', 'Tarkany', 'Hong', 'Bruns', 'Hayyim', 'Augustina', 'Chancellor', 'Lynnelle', 'Cloots', 'Summons', 'Milore', 'Maye', 'Harland', 'Vonni', 'Emmer', 'Holofernes', 'Prince', 'McKinney', 'Genie', 'Scherman', 'Bounds', 'Henrique', 'Zandt', 'Leod', 'Won', 'Brazee', 'Busey', 'Melda', 'Mansoor', 'Stearns', 'Sinnard']
['Auroora', 'Jenness', 'Cutty', 'Turrell', 'Billy', 'Myrvyn', 'Sheeran', 'Balliett', 'Ferro', 'Ragland', 'Nance', 'Fairfax', 'Nafis', 'Fabrice', 'Nisse', 'Noyes', 'Hook', 'Manaker', 'Lotus', 'Starinsky', 'Lou', 'Rocray', 'Ruyle', 'Donn', 'Nessy', 'Masterson', 'Prebo', 'Jeniece', 'Virginia', 'Arel', 'Cristiona', 'Fausta', 'Wight', 'Halstead', 'Clere']
['Behlau', 'Proudfoot', 'Winer', 'Love', 'Ludovico', 'Maude', 'Converse', 'Hanway', 'Eno', 'Renick', 'Puklich', 'Blondell', 'McIntosh', 'Krystalle', 'Emelita', 'Shepp', 'Mushro', 'Binette', 'Nannette', 'Hawger', 'Larson', 'Coumas', 'Sievert', 'Hako', 'Cal', 'Pryce', 'Elmira', 'Volkan', 'Janenna', 'Tristam', 'Nath', 'Lentha', 'Damon', 'Lindell', 'Larry']
['Caines', 'Thorman', 'Kerianne', 'Smukler', 'Padget', 'Gillian', 'Ardehs', 'Selma', 'Vesta', 'Tine', 'Mikol', 'Bui', 'Bhayani', 'Grimona', 'Latimer', 'Burkhart', 'Firman', 'Risteau', 'Eleni', 'Woodhead', 'Tiphane', 'Yim', 'Dotson', 'Zobe', 'Akeyla', 'Salomi', 'Jason', 'Formenti', 'Coh', 'Cardwell', 'McCoy', 'Tavy', 'Minier', 'Yerxa', 'Hatch']
['Chae', 'Berneta', 'Lauree', 'Lacy', 'Lombardi', 'Joed', 'Yarvis', 'Hillel', 'Karlise', 'Kaufmann', 'Eilis', 'Cerracchio', 'Gowrie', 'Mauchi', 'Monahan', 'Celestyn', 'Matthew', 'Carrillo', 'Delila', 'Cicely', 'Tennes', 'Balling', 'Cavallaro', 'Marilou', 'Buxton', 'Hittel', 'Flieger', 'Mokas', 'Berner', 'Eudocia', 'Ber', 'Micheal', 'Beaver', 'Rhonda', 'Elburr']
['Flemming', 'Jori', 'Avril', 'Faunia', 'Antonetta', 'Elberta', 'Darsie', 'Melisa', 'Pinto', 'Danuloff', 'Robbin', 'Uta', 'Tessy', 'Ashford', 'Acacia', 'Hotze', 'Nanette', 'Deni', 'Everick', 'Merth', 'Hankins', 'Sigsmond', 'Gerianne', 'Dumas', 'Tillford', 'Ratcliffe', 'Ginzburg', 'Dietrich', 'Ashman', 'Nicolis', 'Hakim', 'Hamlin', 'Buckler', 'Katzir', 'Marina']
['Freddy', 'Livingston', 'Girovard', 'Wunder', 'Gwenette', 'Shea', 'Chaddie', 'Kudva', 'Kile', 'Harriet', 'Dearman', 'Lynett', 'Oakes', 'Blasius', 'Lon', 'Crean', 'Costin', 'Jorgenson', 'Malo', 'Adolphus', 'Moyers', 'Clovah', 'Enid', 'Darrow', 'Balcer', 'Feinstein', 'Saudra', 'Bello', 'Raynor', 'Saylor', 'Ruhnke', 'Atkins', 'Barsky', 'Crompton', 'Adaurd']
['Glenn', 'Ardys', 'Japeth', 'Dare', 'Fredkin', 'Desi', 'Carlick', 'Quitt', 'Alf', 'Hudis', 'Newton', 'Candyce', 'Foulk', 'Karon', 'Dole', 'Oscar', 'Dott', 'Eldwen', 'Hermon', 'Uchida', 'Towne', 'Meras', 'Minda', 'Ng', 'Higgs', 'Ted', 'Jehiel', 'Lamb', 'Danais', 'Neveda', 'Fillender', 'Sandstrom', 'Clymer', 'Fifine', 'Montagna']
['Janerich', 'Florentia', 'Groh', 'Alvinia', 'Till', 'Derinna', 'Ferullo', 'Fitz', 'Holms', 'Kerwon', 'Demetria', 'Fokos', 'Midian', 'Koetke', 'Durante', 'Rooke', 'Derril', 'Kylah', 'Gibun', 'Druce', 'Kanya', 'Tonya', 'Fast', 'Meingolda', 'Utas', 'Cheria', 'Morville', 'Vikky', 'Ciapas', 'Neva', 'Lenes', 'Tutankhamen', 'Questa', 'Karie', 'Edrick']
['Leiser', 'Groos', 'Willis', 'Erlewine', 'Lorilyn', 'Ches', 'Rue', 'Kimon', 'Melburn', 'Flo', 'Lyle', 'Jimmy', 'Harmony', 'Lunetta', 'Plantagenet', 'Nari', 'Ubana', 'Lux', 'Kronick', 'Fadiman', 'Ainslee', 'Grochow', 'Rombert', 'Gloriana', 'Shelby', 'Mackenzie', 'Bluhm', 'Saxen', 'Catherin', 'Pontius', 'Willetta', 'Uzzia', 'Ebba', 'McCullough', 'Danita']
['Margeaux', 'Mathur', 'Dulcea', 'Astto', 'Epstein']
['McClimans']
['Norean', 'Cristoforo', 'Basso', 'Klapp', 'Baldridge', 'Hardej', 'Cataldo', 'Reste', 'Utica', 'Shelbi', 'Rani', 'Arianna', 'Placido', 'Debera', 'Matthaeus', 'Favian', 'Mitchiner', 'Fidelio', 'Osrick', 'Rik', 'Felicie', 'Weirick', 'Neille', 'Carter', 'Australia', 'Biggs', 'Ultun', 'Wing', 'Jobyna', 'Holton', 'Marijo', 'Yasu', 'Verras', 'Dett', 'Sachi']
['Paulita']
['Raul']
['Schreck', 'Sosanna', 'Tuttle', 'Brittnee', 'Gunn', 'Toh', 'Tay', 'Clea', 'Nestor', 'Griffin', 'Charin', 'Polish', 'Holey', 'Hillegass', 'Bernj', 'Maribel', 'Watson', 'Wistrup', 'Hett', 'Jestude', 'Grath', 'Shannah', 'Felise', 'Kassi', 'Dimitry', 'Ashling', 'Emelia', 'Stephenson', 'Barnett', 'Ursola', 'Haldane', 'Pappas', 'Schnabel', 'Colly', 'Les']
['Velda', 'Jillana', 'Moonier', 'Elihu', 'Cyd', 'Antonino', 'Lamson', 'Javler', 'Chemush', 'Fruin', 'Lawler', 'Perloff', 'Leanna', 'Ottinger', 'Benilda', 'Dedric', 'Rodolphe', 'Hannover', 'Saville', 'Odin', 'Birck', 'Ammadis', 'Ursi', 'Pippo', 'Swanhilda', 'Galligan', 'Danna', 'Ebneter', 'Cherry', 'Dowlen', 'Aviv', 'Franek', 'Woo', 'Delinda', 'Merola']
['Vevay']
['Wendye']
