['Alejandra', 'Desiree', 'Alondra', 'Camryn', 'Ariel', 'Kendall', 'Kara', 'Jasmin', 'Selena', 'Cameron']
['Amber', 'Madeline', 'Faith', 'Mariah', 'Claire', 'Leah', 'Amy', 'Jade', 'Madelyn', 'Ana']
['Angela', 'Alexa', 'Kelsey', 'Kathryn', 'Katie', 'Gabriella', 'Cheyenne', 'Cassidy', 'Mikayla', 'Ariana']
['Arielle', 'Carlie', 'Andrea', 'Caroline', 'Caitlin', 'Laura', 'Molly', 'Diana', 'Audrey', 'Heather']
['Breana', 'Skylar', 'Summer', 'Jamie', 'Alexia', 'Mya', 'Naomi', 'Esmeralda', 'Abby', 'Adrianna']
['Brooklynn', 'Lorena', 'Perla', 'Chyna', 'Athena', 'Esperanza', 'Clare', 'Eliana', 'Kelli', 'Eve']
['Carissa', 'Iris', 'Kaleigh', 'Sharon', 'Alice', 'Yasmin', 'Mckayla', 'Ayanna', 'Serenity', 'Karissa']
['Carrie', 'Elaina', 'Amari', 'Macey', 'Marlene', 'Tayler', 'Kaley', 'Leilani', 'Adrienne', 'Luz']
['Cassie', 'Kayleigh', 'Linda', 'Gloria', 'Jacquelyn', 'Gisselle', 'Kaitlynn', 'Julissa', 'Tiara', 'Talia']
['Christine', 'Kristina', 'Asia', 'Patricia', 'Rachael', 'Katelynn', 'Jazmine', 'Joanna', 'Tara', 'Genesis']
['Cristal', 'Kate', 'Kyla', 'Sadie', 'Kirsten', 'Ella', 'Celeste', 'Mercedes', 'Kira', 'Dakota']
['Danielle', 'Gabrielle', 'Sara', 'Kimberly', 'Courtney', 'Makayla', 'Bailey', 'Paige', 'Autumn', 'Marissa']
['Ellen', 'Fiona', 'Janae', 'Skye', 'Lucia', 'Marilyn', 'Elisa', 'Regina', 'Sydnee', 'Brooke']
['Erica', 'Lindsey', 'Kylie', 'Kelly', 'Miranda', 'Maya', 'Melanie', 'Alicia', 'Jocelyn', 'Erika']
['Evelyn', 'Sophie', 'Bianca', 'Ava', 'Julie', 'Claudia', 'Savanna', 'Nina', 'Cierra', 'Gianna']
['Felicity', 'Joy', 'Angelique', 'Sasha', 'Tianna', 'Jayden', 'Sonia', 'Julianne', 'Aileen', 'Mary']
['Gabriela', 'Caitlyn', 'Angel', 'Adriana', 'Arianna', 'Lillian', 'Britney', 'Angelica', 'Kennedy', 'Brittney']
['Guadalupe', 'Nadia', 'Tessa', 'Kiana', 'Reagan', 'Lisa', 'Annie', 'Rosa', 'Destinee', 'Kamryn']
['Helen', 'Gina', 'Virginia', 'Kierra', 'Kasey', 'Litzy', 'Tia', 'Theresa', 'Alayna', 'Maddison']
['Hope', 'Daniela', 'Valerie', 'Avery', 'Jordyn', 'Amaya', 'Delaney', 'Raven', 'Jazmin', 'Katrina']
['Imani', 'Kailey', 'Dana', 'Shayla', 'Kassidy', 'Ashlee', 'Callie', 'Addison', 'Lucy', 'Gillian']
['Jaden', 'Madalyn', 'Allie', 'Viviana', 'Cara', 'Marisol', 'Alisha', 'Hunter', 'Noelle', 'Carla']
['Jenny', 'Renee', 'Daniella', 'Lizbeth', 'Lacey', 'Haleigh', 'Marie', 'Eleanor', 'Eliza', 'Harley']
['Jordan', 'Erin', 'Shelby', 'Breanna', 'Leslie', 'Cassandra', 'Margaret', 'Jillian', 'Kiara', 'Chelsea']
['Kaylie', 'Ashlynn', 'Brandi', 'Lesly', 'Tatyana', 'Melody', 'Jessie', 'Layla', 'Krista', 'Zoey']
['Kyra', 'Karla', 'Kathleen', 'Aaliyah', 'Giselle', 'Mallory', 'April', 'Natalia', 'Valeria', 'Aubrey']
['Lauryn', 'Alison', 'Macy', 'Nancy', 'Elena', 'Juliana', 'Fatima', 'Allyson', 'Gracie', 'Alexus']
['Lily', 'Riley', 'Crystal', 'Mckenzie', 'Meghan', 'Daisy', 'Kristen', 'Veronica', 'Isabelle', 'Bethany']
['Lindsay', 'Kendra', 'Mckenna', 'Holly', 'Kylee', 'Maggie', 'Makenzie', 'Amelia', 'Casey', 'Serena']
['Lydia', 'Hayley', 'Angelina', 'Kaitlin', 'Karina', 'Monica', 'Peyton', 'Carly', 'Brooklyn', 'Ashlyn']
['Madeleine', 'Aliyah', 'Josephine', 'Charlotte', 'Hallie', 'Anne', 'Rose', 'Nia', 'Carolyn', 'Anastasia']
['Madelynn', 'Deanna', 'Alaina', 'Clarissa', 'Deja', 'Monique', 'Krystal', 'Heidi', 'Meagan', 'Anahi']
['Madyson', 'Justine', 'Paris', 'Brisa', 'Cora', 'Emilie', 'Felicia', 'Alma', 'Nichole', 'Nora']
['Mariana', 'Bryanna', 'Emilee', 'Georgia', 'Raquel', 'Teresa', 'Ruth', 'Ivy', 'Ashton', 'Clara']
['Marina', 'Ellie', 'Cheyanne', 'Mikaela', 'Elisabeth', 'Brandy', 'Carley', 'Susan', 'Lilly', 'Lexi']
['Melina', 'Martha', 'Hailee', 'India', 'Francesca', 'Janet', 'Tyler', 'Tamia', 'Abbey', 'Jane']
['Michelle', 'Sierra', 'Katelyn', 'Brittany', 'Vanessa', 'Jacqueline', 'Jenna', 'Melissa', 'Kaylee', 'Christina']
['Phoebe', 'Halle', 'Kiersten', 'Kiera', 'Kiley', 'Rhiannon', 'Madisyn', 'Alyson', 'Kaila', 'Janelle']
['Priscilla', 'Miriam', 'Ciara', 'Cecilia', 'Kassandra', 'Shania', 'Meredith', 'Eva', 'Kristin', 'Marisa']
['Shannon', 'Michaela', 'Karen', 'Sofia', 'Diamond', 'Payton', 'Cynthia', 'Hanna', 'Brenda', 'Rebekah']
['Skyler', 'Ruby', 'Whitney', 'Natasha', 'Rylee', 'Liliana', 'Brenna', 'Paola', 'Esther', 'Heaven']
['Tamara', 'Yasmine', 'Tatum', 'Kali', 'Bailee', 'Lesley', 'Precious', 'Jayda', 'Kelsie', 'Tyra']
['Taryn', 'Kaylin', 'Pamela', 'Tania', 'Charity', 'Regan', 'Irene', 'Johanna', 'Paulina', 'Mayra']
['Tatiana', 'Alana', 'Elise', 'Jayla', 'Tori', 'Cindy', 'Sidney', 'Carmen', 'Vivian', 'Bridget']
['Tierra', 'Annika', 'Jaclyn', 'Colleen', 'Annabelle', 'Emely', 'Alina', 'Chelsey', 'Larissa', 'Chasity']
['Toni', 'Ann', 'Deborah', 'Kailee', 'Sylvia', 'Barbara', 'Eden', 'Miracle', 'Devin', 'Shyanne']
['Trinity', 'Catherine', 'Zoe', 'Briana', 'Jada', 'Alexandria', 'Sabrina', 'Mia', 'Isabel', 'Tiffany']
['Wendy', 'Logan', 'Tabitha', 'Josie', 'Denise', 'Katlyn', 'Ashleigh', 'Cristina', 'Baylee', 'Tiana']
['Yesenia', 'Julianna', 'Sandra', 'Dominique', 'Haylee', 'Carolina', 'Jaqueline', 'Camille', 'Makenna', 'Alissa']
['Zaria', 'Macie', 'Aurora', 'Sage', 'Alanna', 'Malia', 'Angie', 'Genevieve', 'Kenya', 'Piper']
