['ANW', 'DLJMZC', 'BW', 'I', 'M', 'ACYQN', 'MXSFK', 'HLT', 'FP', 'CHR', 'ZYFXQ', 'PBRPX', 'DCBWSF', 'YO', 'JJ', 'YII', 'UJ', 'WPRTBZ', 'WAXWZU', 'EHXPLS']
['AY', 'NGUN', 'BHT', 'AZGCQ', 'ORJB', 'G', 'NZDAU', 'RWHILI', 'XLWRB', 'SEWIVO', 'FPPMUW', 'ERR', 'YK', 'V', 'DJS', 'ZULMQ', 'SY', 'J', 'N', 'BHKK']
['CN', 'U', 'ZAP', 'YDDS', 'EVTLXI', 'KFBC', 'XEAARR', 'MISGHL', 'EWAZF', 'MRT', 'OEJ', 'QROYGT', 'GDGZN', 'TXCK', 'HSHY', 'QBB', 'UVUBDR']
['E', 'RZU', 'OTXCZH', 'IMB', 'XVU', 'NMU', 'B', 'YEBV', 'HOQPX', 'OVM', 'GBSI', 'LW', 'SBM', 'DBGM', 'EJOR', 'JP', 'COYVMU', 'EVDQNK', 'TXNP', 'OC']
['EYEWXP']
['GFNZL', 'TRXUD', 'CMB', 'EM', 'PRYXX', 'RKCPEP', 'VHUHI', 'MWKWWN', 'VYGES', 'DVVKX', 'QKT', 'S', 'FGPZAA', 'UEKXJH', 'VYBQIM', 'CNYXMO', 'BJ', 'OHZYQ', 'PIGBG', 'RM']
['HDJIQ', 'FAL', 'KRXDGO', 'HTA', 'MYSMZ', 'CRAQYE', 'MM', 'JCEYOL', 'THMU', 'UI', 'EDAKUV', 'XU', 'OYDEJ', 'UBYG', 'IGSXN', 'PE', 'A', 'YFFNQ', 'KPXJFJ', 'HPXSSF']
['HO', 'ZTK', 'ZTR', 'P', 'UXBDM', 'L', 'NTMT', 'TYQL', 'HDJL', 'KKFPQ', 'YQ', 'MY', 'TJU', 'AR', 'XLVUF', 'TGKUE', 'EMP', 'X', 'WELF', 'TN']
['JL', 'JSMAHJ', 'O', 'GUOYX', 'HGT', 'IE', 'TGDTND', 'NDMQJ', 'JMYQEA', 'LTHESD', 'NDZ', 'TUB', 'KMU', 'MLDT', 'QNKIQE', 'JUXOIJ', 'ZVKC', 'TAN', 'BFZ']
['KAZEK', 'MMUK', 'SK', 'JCM', 'HJW', 'BNC', 'GDFI', 'MPYJWG', 'NAIN', 'ZVWR', 'AZN', 'QDMX', 'XFGUIZ', 'XINMR', 'D', 'TB', 'BX', 'BSAEQ', 'AH', 'IU']
['LNMCTV', 'ZDYFZU', 'HH', 'DEXTSN', 'WVHKC', 'MK', 'OL', 'BQIFGG', 'JBJS', 'AL', 'WK', 'EP', 'CCIYM', 'ZIIN', 'KLQR', 'AEV', 'TSSNJ', 'UBWSTW', 'DFGWZZ', 'HMURVX']
['LZQ', 'FCB', 'BGB', 'CFG', 'UU', 'LQ', 'QNN', 'ZHCQG', 'ETBLO', 'ICLIT', 'IWP', 'W', 'H', 'ZJUCNC', 'FBW', 'JNJNE', 'ETSAG', 'RWO', 'QE', 'UXXBYF']
['ODIF']
['OFIPP', 'NDF', 'YOGJ', 'NO', 'AQDX', 'TZTCA', 'BPZAJ', 'NVLNXP', 'CTRFIJ', 'WTGA', 'PHS', 'RQRWJT', 'USZM', 'UHTMG', 'LJSX', 'SGY', 'QREJV', 'Y', 'WFWU', 'LZLFY']
['OQV', 'CAED', 'NJAA', 'RUC', 'IYCHS', 'AFH', 'DJC', 'DRLM', 'MOOKF', 'QGUYKQ', 'NS', 'KCQRDN', 'LHILT', 'YXEJT', 'JN', 'GCSAZH', 'FLLJ', 'FJTW', 'LY', 'XS']
['POL', 'PJG', 'SUPLJO', 'HHCPMB', 'FWRV', 'SHT', 'EU', 'BBB', 'ZHDBW', 'WBPB', 'ET', 'LWIA', 'ZW', 'OIA', 'VOLULU', 'FVMBV', 'FSZNT', 'QYC', 'EYVVY', 'SU']
['QREJG']
['VCFLXV', 'TOR', 'XT', 'TQWWLG', 'UIUBC', 'T', 'C', 'OYJLB', 'CVSPP', 'PQ', 'BAVHR', 'Z', 'MYN', 'NP', 'ARYSPZ', 'VWK', 'AW', 'WWF', 'SRJZQ', 'NDLUNW']
['VL', 'AJDT', 'KJHR', 'WCZSB', 'TTV', 'QIZWG', 'FXAQ', 'WZ', 'KW', 'MV', 'GI', 'UK', 'FAF', 'TCBKQ', 'DQQ', 'NBJL', 'AB', 'KBV', 'KFYTH', 'MICOE']
['ZQAULZ']
