['BM', 'GV', 'JU', 'JY', 'FY', 'KJ', 'O', 'QA', 'LT', 'BS']
['BU', 'DM', 'BW', 'HH', 'JI', 'BY', 'B', 'NM', 'KZ', 'DE']
['BX', 'HS', 'PY', 'JK', 'NG', 'GJ', 'BE', 'MX', 'II', 'SW']
['CB', 'NL', 'LC', 'HT', 'IL', 'PN', 'FE', 'IP', 'DR', 'QB']
['CG', 'LJ', 'GE', 'QX', 'NH', 'GC', 'NF', 'NB', 'MS', 'QM']
['CI', 'JB', 'MY', 'JG', 'KE', 'BV', 'LK', 'JW', 'KM', 'RK']
['CK', 'RC', 'T', 'FH', 'MF', 'CN', 'KU', 'FD', 'FQ', 'OF']
['CS', 'JP', 'NW', 'HR', 'EO', 'GO', 'EX', 'JE', 'LZ', 'DF']
['CU', 'KD', 'HW', 'OP', 'FJ', 'GW', 'LO', 'DC', 'JS', 'CD']
['CX', 'LX', 'QH', 'KK', 'HA', 'DQ', 'LG', 'BF', 'PE', 'MM']
['CZ', 'OL', 'CM', 'HM', 'BI', 'KP', 'BO', 'V', 'RQ', 'RE']
['DA', 'NQ', 'SE', 'RI', 'SR', 'SS', 'IW', 'QO', 'RS', 'FN']
['DH', 'TE', 'MH', 'IU', 'HX', 'NN', 'FB', 'GF', 'QI', 'KF']
['DL', 'FV', 'JZ', 'E', 'EE', 'KN', 'LB', 'QP', 'HD']
['DN']
['DU', 'ED', 'CO', 'HO', 'SI', 'BP']
['DV', 'NI', 'LA', 'RF', 'LH', 'BK', 'ET', 'JT', 'H', 'GM']
['EA']
['EK']
['ER', 'CP', 'LY', 'DI', 'OJ', 'C', 'NP', 'PQ', 'N', 'FT']
['FA']
['FF', 'CF', 'MW', 'RV', 'ON', 'BL', 'BJ', 'X', 'MB', 'KR']
['FU', 'LD', 'GX', 'NO', 'GG', 'GD', 'KT', 'GA', 'RB', 'PZ']
['FX']
['FZ', 'PX', 'ES', 'SF', 'RJ', 'RL', 'CR', 'NS', 'SK', 'CY']
['GK']
['GR', 'RH', 'MQ', 'CA', 'JF', 'MO', 'MI', 'TF', 'MJ', 'MK']
['GZ']
['HE', 'OE', 'LE', 'OX', 'BR', 'I', 'PB', 'DY', 'CE', 'OS']
['HN']
['HQ', 'SQ', 'IE', 'F', 'EH', 'GP', 'NK', 'IR', 'HP', 'JJ']
['HU']
['IB', 'NR', 'CH', 'PM', 'QJ', 'LR', 'IG', 'FW', 'MG', 'KG']
['IC']
['IK', 'GU', 'EQ', 'ID', 'BQ', 'BZ', 'MC', 'BC', 'FL', 'GL']
['IM']
['IV', 'HJ', 'EZ', 'BN', 'JL', 'IN', 'IA', 'FC', 'KL', 'FP']
['IX']
['J']
['JC']
['JQ']
['JR']
['JX']
['KA', 'PU', 'CT', 'QQ', 'FG', 'DP', 'KO', 'GS', 'PP', 'LV']
['KB', 'EB', 'DJ', 'BT', 'GT', 'JH', 'BD', 'EM', 'HZ', 'EP']
['KC']
['KS']
['KY', 'OH', 'LQ', 'LS', 'QS', 'SV', 'P', 'DS', 'OR', 'HB']
['L']
['LF']
['LL']
['LP']
['M']
['MP']
['MR']
['MU', 'IO', 'FI', 'MZ', 'IF', 'DO', 'EL', 'OU', 'CQ', 'CC']
['NA']
['NE', 'HK', 'D', 'S', 'IS', 'PD', 'DT', 'FM', 'ML', 'RR']
['NT', 'NJ', 'QK', 'IT', 'KV', 'GI', 'EJ', 'EV', 'LN', 'RW']
['NV', 'JA', 'NY', 'EW', 'PT', 'BA', 'BB', 'LI', 'LU', 'OG']
['OD', 'JN', 'HG', 'EI', 'ME', 'PI', 'MV', 'KW', 'CW', 'RZ']
['OM']
['OO']
['OQ', 'NX', 'IQ', 'NZ', 'SO', 'A', 'OA', 'OY', 'PF', 'QW']
['OV', 'DK', 'DX', 'ST', 'MN', 'G', 'ND', 'EG', 'U', 'RM']
['OW']
['OZ']
['PC']
['PJ', 'SU', 'SJ', 'TA', 'MT', 'OK', 'DG', 'TB', 'NU', 'DD']
['PO']
['PR']
['Q']
['QC']
['QD']
['QE']
['QL']
['QN']
['QT', 'LW', 'OC', 'PK', 'CJ', 'IH', 'IY', 'OB', 'GH', 'MA']
['QU']
['QY', 'GY', 'LM', 'IJ', 'HV', 'SD', 'FO', 'HF', 'DZ', 'IZ']
['QZ']
['R']
['RD']
['RN']
['RO']
['RP', 'PV', 'HL', 'FR', 'PA', 'JV', 'JM', 'GQ', 'OT', 'EY']
['RT', 'EC', 'GN', 'DW', 'NC', 'HC', 'JD', 'DB', 'SN', 'EU']
['RU', 'QR', 'EN', 'SH', 'KQ', 'QF', 'HI', 'RA', 'PW', 'MD']
['RX']
['RY']
['SA']
['SB']
['SG', 'BG', 'PH', 'OI', 'JO', 'GB', 'EF', 'KX', 'SP', 'PL']
['SL', 'HY', 'KI', 'QV', 'SM', 'FS', 'RG', 'PG', 'CV', 'SC']
['SX']
['SY']
['TC']
['TD']
['W']
['Y', 'KH', 'QG', 'BH', 'CL', 'SZ', 'PS', 'FK', 'Z', 'K']
