['Aileen']
['Amanda', 'Stanley', 'Gilbert', 'Bernadette', 'Cesar', 'Tiara', 'Argentina']
['Andrea']
['Anita', 'Edward', 'Marge', 'Pauline', 'Kristina', 'Ruthie', 'Jodi']
['Anna', 'Carmen', 'Eduardo', 'Dottie', 'Lucy', 'Jim', 'Kay']
['Anne']
['Anthony', 'Tanya', 'Norma', 'Houston', 'Isaac', 'Dennis', 'Mitchell']
['Antoinette', 'Michael', 'Derrick', 'Randall', 'Peggy', 'Lydia', 'Tabatha']
['Antonietta', 'Judith', 'Alvin', 'Mildred', 'Martha', 'Christine', 'Cyndy']
['Antonio', 'Bernie', 'Charlotte', 'Guadalupe', 'Ronald', 'Harriett', 'Elizabeth']
['Aron']
['Arthur']
['Barbra']
['Barry']
['Bernice']
['Bessie', 'Christian', 'Matthew', 'Edwin', 'Laurie', 'Fletcher', 'Claudia']
['Bobby']
['Brooks']
['Bruce', 'Victoria', 'Lizzie', 'Jessica', 'Danielle', 'Sharon', 'Gail']
['Carlton', 'Melanie', 'Johnny', 'Jami', 'Jeremy', 'Carl', 'Loretta']
['Carolyn']
['Casandra']
['Chester']
['Christiana', 'Ethel', 'Andre', 'Zachary', 'Irene', 'Bonita', 'Rocio']
['Cleo']
['Colleen', 'Kelly', 'Hazel', 'Justin', 'Brandon', 'Patrice', 'Sara']
['Crystal']
['Curtis', 'Erma', 'Gary', 'Joshua', 'Noma', 'Shawn', 'Helen']
['Daphne']
['Debbie', 'Roy', 'Roberto', 'Jane', 'Alice', 'Allen', 'Jewell']
['Diane', 'Cedric', 'James', 'Julius', 'Margaret', 'Matt', 'Vicente']
['Donald', 'Stephanie', 'Tomas', 'Gerard', 'Erik', 'Steve', 'Lori']
['Douglas']
['Ella', 'Clara', 'Albert', 'Dena', 'Hillary', 'Joy', 'Megan']
['Eunice']
['Eva']
['Felipe']
['Frances', 'Carrie', 'Janice', 'Mavis', 'Patricia', 'Teresa', 'Corinne']
['Frank', 'Cara', 'Adam', 'Rafael', 'Shante', 'Jonathon', 'Steven']
['Frida']
['Gale']
['Gerald', 'Hildegard', 'Gordon', 'Clyde', 'Lidia', 'Marjorie', 'Evelyn']
['Gloria']
['Grace', 'Doretha', 'Janet', 'Peter', 'Virgie', 'Tim', 'Joel']
['Harold']
['Harriet', 'Jessie', 'Debra', 'Stacy', 'Brett', 'Mae', 'Carol']
['Henry', 'Cheri', 'Ada', 'Raquel', 'Damian', 'Matilda', 'Cindy']
['Iris']
['Ivan']
['Jammie', 'Sam', 'Devon', 'Linda', 'Abdul', 'Arline', 'Beverly']
['Jasmine', 'Deandre', 'Kenny', 'Susan', 'Merle', 'Jacqueline', 'Phyllis']
['Jayne', 'Joan', 'Milton', 'Louise', 'Melvin', 'Roberta', 'David']
['Jean']
['Jeanette']
['Jeff']
['Jeffery']
['Jeffrey']
['Jennifer']
['Jerry']
['Joe', 'Minnie', 'Tammy', 'Tracy', 'Kim', 'Dorothy', 'Austin']
['Joyce']
['Julie']
['Justine', 'Darrin', 'Christopher', 'Laura', 'Phillip', 'Jonathan', 'Martin']
['Katherine']
['Kathryn', 'Victor', 'Pearl', 'Alex', 'Shelly', 'Claire', 'Lillie']
['Keith']
['Kelli', 'Pat', 'Mary', 'Scotty', 'Larry', 'Dawn', 'Lorenzo']
['Kurt', 'Melony', 'Leola', 'Rachel', 'Catherine', 'Samuel', 'Ralph']
['Lacey']
['Lakesha', 'Katrina', 'Nathaniel', 'Mamie', 'Kenneth', 'Wilbur', 'Katie']
['Latonya', 'Clifford', 'Dolores', 'Cheryl', 'Horace', 'Desiree', 'Marion']
['Lawrence']
['Lela', 'Evan', 'Lucille', 'Johnnie', 'Terry', 'Rhonda', 'George']
['Lexie']
['Lisa', 'Brian', 'Alberta', 'Kristine', 'Marcus', 'Levi', 'Donna']
['Lorena', 'Kelvin', 'Carlos', 'Robert', 'Warren', 'Patrick', 'Mark']
['Lorene']
['Louis', 'Hector', 'Paul', 'Oscar', 'Beatriz', 'Joseph', 'Fred']
['Luis']
['Manuel']
['Maxine']
['Michelle', 'Annie', 'Kyle', 'Emerson', 'Billie', 'Mario', 'Lowell']
['Miriam']
['Molly']
['Mona', 'Brittany', 'Dwayne', 'Hilton', 'Rory', 'Arturo', 'Doris']
['Monica']
['Nancy']
['Nellie', 'Carole', 'Sarah', 'Elvera', 'Porfirio', 'Jerome', 'Vickie']
['Newton']
['Nicholas']
['Patsy', 'Fredrick', 'Krista', 'Hugo', 'Walter', 'Marta', 'Alan']
['Philip', 'Deborah', 'Cameron', 'Dewayne', 'Carla', 'Rena', 'Brenda']
['Randy', 'Melissa', 'Adrian', 'Lester', 'Carina']
['Ray', 'Karen', 'Gene', 'Barbara', 'Juan', 'Rueben', 'Angel']
['Raymond', 'Heidi', 'Shirley', 'Mireya', 'Quentin', 'Sheila', 'Lena']
['Reggie', 'Maybell', 'Sheldon', 'Kristen', 'Johnathan', 'Sally', 'Beatrice']
['Regina', 'Shaun', 'Pamela', 'Alonzo', 'Ladonna', 'Carroll', 'Esther']
['Renee']
['Ricardo']
['Richard']
['Rick', 'Marla', 'Darryl', 'Kimberly', 'Leigh', 'Gladys', 'Maryann']
['Robin']
['Rod']
['Ruth']
['Salvatore', 'Daniel', 'Kathryne', 'Ernest', 'Tonya', 'Lottie', 'Chelsea']
['Samantha']
['Sandra', 'Tommie', 'John', 'Vicky', 'Toni', 'Tom', 'Cathleen']
['Shane', 'Maureen', 'Josephine', 'Charles', 'Benjamin', 'Blanche', 'Heather']
['Shawna']
['Sheryl']
['Sulema']
['Ted', 'Mei', 'Julia', 'Kathleen', 'Mari', 'Marybeth', 'Gregory']
['Theresa']
['Thomas']
['Timothy', 'Esperanza', 'Myra', 'Octavia', 'Paula', 'Lucia', 'Weldon']
['Todd']
['Trenton', 'Byron', 'Olive', 'Dan', 'Rebecca', 'Isabelle', 'Leo']
['Vance', 'Roger', 'Wade', 'Chris', 'Russel', 'Esta', 'Betty']
['Vanessa']
['Vera', 'Emily', 'Lauren', 'Thelma', 'Maria', 'Eric', 'Colin']
['Virginia']
['Wanda', 'Jason', 'Bernard', 'Harry', 'Erica', 'Delia', 'Tommy']
['Wilfredo', 'Cynthia', 'Ericka', 'Marie', 'Geraldine', 'Stephen', 'Fay']
['William', 'Emilee', 'Earl', 'Jewel', 'Craig', 'Ashley', 'Josie']
