['Brittan', 'Latisha', 'Aviva', 'Randie', 'Johanna', 'Roxane', 'Ulrike', 'Janice', 'Sofie', 'Ingunna', 'Nancie', 'Lani', 'Dita', 'Agatha', 'Lynnet']
['Catha', 'Yolanda', 'Rita', 'Dominica', 'Tamra', 'Natalya', 'Pammy', 'Reggi', 'Josepha', 'Starlin', 'Fredericka', 'Desiri', 'Diahann', 'Korney', 'Jemie']
['Cherilynn', 'Vanni', 'Quintana', 'Doris', 'Rhodia', 'Kathy', 'Idalina', 'Patty', 'Camala', 'Elvera', 'Shirl', 'Agneta', 'Tiphanie', 'Paulina', 'Sandie']
['Dotti', 'Gavra', 'Emelda', 'Charita', 'Ruperta', 'Carla', 'Erminia', 'Rivkah', 'Cheslie', 'Austina', 'Dorine', 'Avivah', 'Tiffany', 'Sherrie', 'Andie']
['Estele', 'Kara', 'Clarissa', 'Doroteya', 'Drusy', 'Inga', 'Yovonnda', 'Alexandrina', 'Gaby', 'Karie', 'Row', 'Clemence', 'Hedwiga', 'Roslyn', 'Carri']
['Fernande', 'Chelsy', 'Lira', 'Netty', 'Gerry', 'Fawnia', 'Teddi', 'Xylina', 'Addi', 'Idelle', 'Tani', 'Jen', 'Marcella', 'Oliy', 'Shoshana']
['Haley', 'Madelena', 'Cindie', 'Melinde', 'Marisa', 'Gianina', 'Leanora', 'Melloney', 'Andromache', 'Stefa', 'Else', 'Brunhilda', 'Tallie', 'Lotte', 'Valli']
['Joanna', 'Kaitlin', 'Rosene', 'Nanon', 'Danni', 'Colline', 'Oralee', 'Malva', 'Erica', 'Terese', 'Hortense', 'Marlie', 'Cristabel', 'Birgitta', 'Ramonda']
['Kellie', 'Myrtle', 'Stephannie', 'Krissy', 'Sheila', 'Antonietta', 'Millisent', 'Lulu', 'Nelie', 'Dyane', 'Alyson', 'Sile', 'Bekki', 'Kala', 'Eolanda']
['Lisette', 'Tim', 'Lorain', 'Yoshi', 'Arlee', 'Allie', 'Noell', 'Kellsie', 'Maxie', 'Edith', 'Marabel', 'Anabal', 'Demetria', 'Zenia', 'Corly']
['Lydie', 'Bertie', 'Athena', 'Flory', 'Allene', 'Della', 'Gabbie', 'Cassondra', 'Britney', 'Brook', 'Nicki', 'Cassandra', 'Annice', 'Tarra', 'Vinni']
['Mechelle', 'Lorena', 'Peg', 'Tamara', 'Georgeanne', 'Jessamyn', 'Gwennie', 'Meggi', 'Sadye', 'Nedda', 'Kania', 'Debora', 'Sula', 'Marris', 'Brear']
['Morena', 'Kathleen', 'Harriet', 'Fania', 'Jesse', 'Monique', 'Lorie', 'Leda', 'Marijo', 'Faythe', 'Willi', 'Helyn', 'Eran', 'Casi', 'Alia']
['Neile', 'Jorrie', 'Caryn', 'Paige', 'Silva', 'Marlena', 'Ranice', 'Charmine', 'Kaitlynn', 'Yetta', 'Laverne', 'Anastassia', 'Shanie', 'Sileas', 'Gale']
['Nicoli', 'Sonni', 'Eve', 'Missy', 'Vicky', 'Bridgette', 'Rhody', 'Anabel', 'Mirna', 'Selinda', 'Jacqui', 'Georgiana', 'Clemmie', 'Gae', 'Babara']
['Ronnica', 'Bernice', 'Mufinella', 'Lyda', 'Mella', 'Bonita', 'Britteny', 'Delly', 'Anette', 'Martina', 'Thia', 'Maddalena', 'Cathryn', 'Collete', 'Euphemia']
['Rowena', 'Carroll', 'Orsa', 'Estella', 'Livy', 'Cristen', 'Marcie', 'Claudie', 'Dee', 'Moyna', 'Mair', 'Joelly', 'Stesha', 'Lesly', 'Winifred']
['Stormi', 'Risa', 'Opal', 'Diane', 'Rosamond', 'Briny', 'Rosana', 'Agnes', 'Mei', 'Sada', 'Noreen', 'Frankie', 'Ansley', 'Tanitansy', 'Kathryn']
['Veradis', 'Katti', 'Kittie', 'Dena', 'Beatrice', 'Corinne', 'Amalee', 'Adriane', 'Kiele', 'Jaynell', 'Brigitte', 'Daphene', 'Anabelle', 'Agnese', 'Vonni']
['Zulema', 'Eulalie', 'Jolie', 'Tiffy', 'Adiana', 'Fran', 'Nissie', 'Cristionna', 'Conchita', 'Angelica', 'Serena', 'Mariellen', 'Belle', 'Matilde', 'Julie']
