['Aaron', 'Nicholas', 'Austin', 'Ian', 'Jace', 'Micah', 'Cole', 'Ivan', 'Jack', 'Nathan']
['Ace', 'Ryder', 'Kaleb', 'Knox', 'Gael', 'Jeremy', 'Zane', 'Timothy', 'Dean', 'Jasper']
['Angel', 'Cooper', 'Xavier', 'Jason', 'Kevin', 'Wesley', 'Brandon', 'Silas', 'Carlos', 'Kaiden']
['Asher', 'Jose', 'Maverick', 'Santiago', 'Leonardo', 'Ayden', 'Jesus', 'Finn', 'James', 'Oliver']
['Avery', 'Jesse', 'Jackson', 'Gabriel', 'Isaiah', 'Hunter', 'Hudson', 'Easton', 'Ezra', 'Colton']
['Bennett', 'Justin', 'Kai', 'Rowan', 'Giovanni', 'Beau', 'Jude', 'Elliot', 'Victor', 'Brantley']
['Braxton', 'Tristan', 'Jayce', 'Brody', 'Alan', 'Edward', 'Tucker', 'Owen', 'Luke', 'Christopher']
['Carter', 'John', 'Dylan', 'Andrew', 'George', 'William', 'Elijah', 'Jacob', 'Alexander', 'Julian']
['Cash', 'Blake', 'Elliott', 'Emiliano', 'Milo', 'Arthur', 'Leon', 'Felix', 'Walter', 'Kameron']
['Cayden', 'Holden', 'Andre', 'Max', 'Calvin', 'Antonio', 'Graham', 'Zayden', 'Preston', 'Oscar']
['Christian', 'Leo', 'Theodore', 'Robert', 'Nolan', 'Dominic', 'Parker', 'Roman', 'Kayden', 'Jameson']
['Colin', 'Matias', 'Derek', 'Archer', 'Legend', 'Francisco', 'Emilio', 'Damien', 'Tobias', 'Rafael']
['Dawson', 'Nicolas', 'Judah', 'Kyle', 'Kyrie', 'Brian', 'Caden', 'Paul', 'Brady', 'Bradley']
['Eduardo', 'Lukas', 'Barrett', 'Dallas', 'Andres', 'Colt', 'Stephen', 'Iker', 'Emerson', 'Martin']
['Emmett', 'Luca', 'Maxwell', 'Kingston', 'Camden', 'Emmanuel', 'Xander', 'Grant', 'Hayden', 'Richard']
['Eric', 'Abel', 'King', 'Amir', 'Alex', 'Patrick', 'Steven', 'Matteo', 'August', 'Lorenzo']
['Erick', 'Enzo', 'Corbin', 'Gunner', 'Simon', 'Chance', 'Phoenix', 'Tanner', 'Zion', 'Beckett']
['Greyson', 'Evan', 'Bryson', 'Tyler', 'Vincent', 'Miles', 'Ryker', 'Noah', 'Samuel', 'Anthony']
['Jaden', 'Israel', 'Jorge', 'Josue', 'Griffin', 'Remington', 'Jake', 'Clayton', 'Sean', 'Riley']
['Jaxon', 'Thomas', 'Charles', 'Eli', 'Adrian', 'Ezekiel', 'Carson', 'Michael', 'Aiden', 'Henry']
['Joshua', 'Jonathan', 'Cameron', 'Jeremiah', 'Sawyer', 'Weston', 'Nathaniel', 'Harrison', 'Luis', 'Damian']
['Lucas', 'Sebastian', 'Wyatt', 'Jayden', 'Ryan', 'Caleb', 'Connor', 'Brayden', 'Adam', 'Elias']
['Manuel', 'Amari', 'Louis', 'Cody', 'Finley', 'Nash', 'Beckham', 'Karson', 'Rylan', 'Reid']
['Mateo', 'am', 'Isaac', 'David', 'Logan', 'Benjamin', 'Ethan', 'Daniel', 'Matthew', 'Grayson']
['Messiah', 'Mark', 'Kaden', 'Myles', 'Charlie', 'Thiago', 'Aidan', 'Omar', 'Javier', 'Zander']
['Miguel', 'Joel', 'Maximus', 'Peter', 'Kenneth', 'Killian', 'Diego', 'Jonah', 'Waylon', 'Marcus']
['Rhett', 'Alejandro', 'Bryan', 'Jax', 'Adriel', 'Josiah', 'Landon', 'Jaxson', 'Gavin', 'Everett']
['River', 'Brooks', 'Paxton', 'Mason', 'Joseph', 'Levi', 'Lincoln', 'Jordan', 'Chase', 'Bentley']
['Theo']
['Zachary', 'Axel', 'Declan', 'Maddox', 'Juan', 'Ashton', 'Malachi', 'Bryce', 'Abraham', 'Karter']
