['Aanyah', 'Jaquis', 'Adanna', 'Dell', 'Elysha', 'Merissa', 'Keili', 'Katalina', 'Chidi', 'Jos', 'Gyzelle', 'Tyannah', 'Sagan', 'Deriyon', 'Trinitey', 'Fidel', 'Serenety', 'Treyson', 'Bow', 'Artie', 'Kyston', 'Carine', 'Donnovan', 'Liat', 'Vivica', 'Ameerah', 'Shannel', 'Colie', 'Laticia', 'Dominika']
['Akasha', 'Dyami', 'Ayahna', 'Alainna', 'Loni', 'Vinnie', 'Soriya', 'Jalyiah', 'Emmanuela', 'Nidhi', 'Ricky', 'Litsy', 'Yaire', 'Delisha', 'Quintasia', 'Julia', 'Shalonda', 'Jameisha', 'Jaleena', 'Keyin', 'Rey', 'Yarithza', 'Alison', 'Tralyn', 'Noami', 'Tajuan', 'Cynae', 'Gauge', 'Kariana', 'Lilyonna']
['Ally', 'Anouk', 'Dashun', 'Kapena', 'Mylez', 'Janesha', 'Osmin', 'Jemiah', 'Venezia', 'Derionna', 'Tobechi', 'Tasi', 'Jamear', 'Kaymarie', 'Danyca', 'Kenzo', 'Fox', 'Katarina', 'Abdoulaziz', 'Jacob', 'Apollonia', 'Benito', 'Ailene', 'Nitzia', 'Larry', 'Vanesa', 'Citlally', 'Arsalan', 'Kaushik', 'Dajana']
['Analiah', 'Leni', 'Jax', 'Antonin', 'Hesham', 'Jaeline', 'Sashya', 'Kayliann', 'Siena', 'Leighann', 'Prakruti', 'Raphael', 'Ryleeann', 'Sevastian', 'Shamaiya', 'Sheniyah', 'Jazir', 'Aayana', 'Serra', 'Trenise', 'Alieyah', 'Delara', 'Anastacio', 'Coi', 'Selena', 'Tralaya', 'Griffon', 'Kay', 'Lealand', 'Suri']
['Armita', 'Blaine', 'Maude', 'Jekeria', 'Detravion', 'Kimball', 'Aysenur', 'Nalaya', 'Soniah', 'Cordai', 'Shamiyah', 'Abhinav', 'Endi']
['Aryeh']
['Asa']
['Asha', 'Jasahn', 'Jebediah', 'Fabrizzio', 'Ancel', 'Lada', 'Zyeir', 'Merlina', 'Lynia', 'Keni', 'Azeriah', 'Jezzelle', 'Tafari', 'Dainen', 'Bristol', 'Jakelin', 'Leib', 'Thaddius', 'Natasia', 'Basha', 'Kamora', 'Zaahir', 'Adriene', 'Terriona', 'Dessie', 'Jahred', 'Artyom', 'Farah', 'Ahnaya', 'Merary']
['Azavier']
['Brenya', 'Doyle', 'Dea', 'Jersi', 'Kaleo', 'Jahlen', 'Yonason', 'Emilie', 'Niemah', 'Jeru', 'Amritha', 'Zamyah', 'Ramses', 'Janine', 'Ishmel', 'Natsumi', 'Iris', 'Adeleine', 'Marcellino', 'Evia', 'Tashvi', 'Desteni', 'Sydelle', 'Makyra', 'Hugo', 'Sabastion', 'Tayyab', 'Spartan', 'Marwan', 'Bailynn']
['Casandra', 'Quintavious', 'Jaydah', 'Zayquan', 'Byron', 'Salmaan', 'Joed', 'Kaira', 'Emmely', 'Shakila', 'Yu', 'Jerel', 'Rielly', 'Amonti', 'Eliziah', 'Tam', 'Brinleigh', 'Amr', 'Kenzington', 'Jdan', 'Donnelle', 'Coulson', 'Hashem', 'Marrius', 'Kaymi', 'Xaviel', 'Chyna', 'Amor', 'Isaak', 'Marcellius']
['Cicily', 'Nakaya', 'Kenzlie', 'Jerriah', 'Casondra', 'Oviya', 'Mircale']
['Cisco']
['Cyris']
['Deidre', 'Tacori', 'Dhalia', 'Shy', 'Jailon', 'Sameeha', 'Kirubel', 'Charlett', 'Masud', 'Sevren', 'Adaisha', 'Aman', 'Alyiana', 'Anagha', 'Gor', 'Inaki', 'Nohely', 'Abriyana', 'Kinzie', 'Keion', 'Anela', 'Yarisbel', 'Ettel', 'Nethra', 'Deedra', 'Mykenna', 'Satomi', 'Marck', 'Michaell', 'Nakari']
['Ebany']
['Elisah', 'Aizik', 'Michai', 'Giankarlo', 'Lizmari', 'Milene', 'Jeremias', 'Jesalyn', 'Devaun', 'Jalilah', 'Adysen', 'Keemya', 'Deliany', 'Hakop', 'Johnavan', 'Charlize', 'Bright', 'Alyze', 'Nayara', 'Zinia', 'Liann', 'Antwane', 'Dairon', 'Daxen', 'Zuzanna', 'Stefanny', 'Raeleigh', 'Eeliyah', 'Britnee', 'Antrone']
['Estephanie', 'Sharlene', 'Kirrah', 'Guy', 'Jasiya', 'Vedika', 'Kyo', 'Denize', 'Shelbee', 'Jomary', 'Giannie', 'Fe', 'Raymir', 'Lakiyah', 'Montana', 'Treyonna', 'Jamaad', 'Kellon', 'Anwesha', 'Alaija', 'Margie', 'Kaeleen', 'Keyvin', 'Handsome', 'Anadalay', 'Rock', 'Reynaldo', 'Abdulraheem', 'Evangelyne', 'Farha']
['Gwendolynn']
['Hallei']
['Harlem']
['Hayven']
['Helaman']
['Jaaziah', 'Olive', 'Haya', 'Vyncent', 'Miley', 'Alayasia', 'Kobe', 'Chanze', 'Coraline', 'Mykaylah', 'Cylah', 'Tahir', 'Avielle', 'Lilienne', 'Eddieberto', 'Kitty', 'Guadalupe', 'Dusan', 'Sayd', 'Rosalio', 'Ori', 'Aylana', 'Avigail', 'Aleiyah', 'Gertrude', 'Taye', 'Mylani', 'Elway', 'Hannelore', 'Ilyn']
['Kairy', 'Timia', 'Feven', 'Takia', 'Jarem', 'Halo', 'Kalum', 'Saheim', 'Aarohi', 'Mikyla', 'Jophy', 'Rohil', 'Gracia', 'Leilah', 'Crystina', 'Marialy', 'Demetreus', 'Daxx', 'Taigen', 'Lauralynn', 'Mezmariah', 'Braeley', 'Jovey', 'Zahriyah', 'Andriy', 'Brydan', 'Jayme', 'Seleen', 'Carena', 'Zolin']
['Kameryn']
['Kemily']
['Khila']
['Kvaughn']
['Mailen']
['Malaja']
['Mariaelena']
['Matt']
['Mikaelah']
['Mikea']
['Mylie', 'Khamil', 'Kaeley', 'Dereck', 'Meryl', 'Lazaria', 'Sussy', 'Caliegh', 'Kenniyah', 'Dragon', 'Tobias', 'Seiry', 'Jamonte', 'Sincere', 'Atika', 'Nancy', 'Oluwatobi', 'Samauri', 'Larrissa', 'Mumin', 'Aley', 'Veena', 'Zykerria', 'Camill', 'Adaley', 'Sanae', 'Lamariah', 'Cliff', 'Abaan', 'Carsten']
['Noha']
['Orren']
['Rayne']
['Renyah']
['Ron']
['Shamyia']
['Shanaiya', 'Jaleesa', 'Quentyn', 'Juliano', 'Khloee', 'Shanell', 'Dhyan', 'Shahid', 'Jaquan', 'Kensleigh', 'Lailani', 'Zackrey', 'Shardae', 'Abdulrehman', 'Jandre', 'Markise', 'Jatziry', 'Gunther', 'Jabes', 'Jema', 'Ganon', 'Khalee', 'Taegan', 'Monserath', 'Lukis', 'Stafford', 'Tanyla', 'Eleah', 'Jirah', 'Jaimarie']
['Sinia']
['Srinath']
['Thien', 'Bailei', 'Emree', 'Navia', 'Sihaam', 'Shiala', 'Ingrid', 'Thadius', 'Salif', 'Mckaylin', 'Jamiyla', 'Azzareya', 'Marik', 'Marifer', 'Mikelle', 'Nishta', 'Ellarie', 'Nakeya', 'Jesus', 'Jamaine', 'Dorcas', 'Tayseer', 'Rexford', 'Marnae', 'Aibhilin', 'Yavian', 'Jarrell', 'Davidjr', 'Zoiee', 'Yajahira']
['Trystian']
