['Anabel', 'Marvin', 'Annabel', 'Mariette', 'Olevia', 'Horace', 'Rachel', 'Cortney', 'Marquitta', 'Tina', 'Xavier', 'Jan', 'Toya', 'Loura', 'Sharell', 'Carson', 'Sharlene', 'Kristi', 'Louella', 'Jade', 'Lilly', 'Lue', 'Alton', 'Winford', 'Lasonya', 'Shonda', 'Destiny', 'Phylis', 'Antoinette', 'Latia']
['Angella', 'Shelton', 'Dewitt', 'Retta', 'Irma', 'Chun', 'Garland', 'Carolee', 'Raul', 'Elicia', 'Dewayne', 'Alvera', 'Marcella', 'Oscar', 'Marlo', 'Jeffrey', 'Joelle', 'Rodrigo', 'Chas', 'Jina', 'Trena', 'Alex', 'Vivien', 'Theo', 'Grant', 'Wes', 'German', 'Michaela', 'Marilynn', 'Clara']
['Chance', 'Louise', 'Darrel', 'Clarinda', 'Nickolas', 'Mariah', 'Isabel', 'Loria', 'Jama', 'Tanisha', 'Neida', 'Cristi', 'Terry', 'Frederic', 'Kirstin', 'Renea', 'Taneka', 'Houston', 'Antonina', 'Jae', 'Christiane', 'Tyisha', 'Elliott', 'Hayden', 'Lola', 'Kris', 'Jacque', 'Sharilyn', 'Edmond', 'Jay']
['Clyde', 'Nathalie', 'Nadia', 'Elfrieda', 'Hershel', 'Fanny', 'Camelia', 'Chester', 'Cleotilde', 'Stanley', 'Jesus', 'Lyn', 'Freddie', 'Alexandra', 'Naomi', 'Alfred', 'June', 'Vincenzo', 'Dora', 'Artie', 'Latoya', 'Osvaldo', 'Elenora', 'Joye', 'Janetta', 'Clarice', 'Harvey', 'Jennie', 'Murray', 'Selma']
['Dorthea', 'Tai', 'Vernon', 'Lyndon', 'Antonette', 'Mariano', 'Tamala', 'Dion', 'Spencer', 'Almeta', 'Trey', 'Lisa', 'Junior', 'Esperanza', 'Deirdre', 'Tammi', 'Brendon', 'Allena', 'Oma', 'Ambrose', 'Shavon', 'Danial']
['Easter']
['Elvie']
['Felix', 'Refugio', 'Whitney', 'Claudie', 'Madison', 'Dong', 'Carmon', 'Xuan', 'Inga', 'Clifton', 'Gerardo', 'Beverley', 'Clarissa', 'Lucas', 'Heide', 'Ryann', 'Elena', 'Ema', 'Hiroko', 'Eve', 'Helene', 'Lamonica', 'Earnest', 'Oneida', 'Ron', 'Cassie', 'Dusti', 'Danita', 'An', 'Kay']
['Herlinda']
['Hyun']
['Jeanette']
['Johnny', 'Lizabeth', 'Renetta', 'Altagracia', 'Imogene', 'Pearlie', 'Sharan', 'Oswaldo', 'Florencio', 'Hortense', 'Lucia', 'Dagmar', 'Tameika', 'Lashay', 'Sheldon', 'Eufemia', 'Enola', 'Marcie', 'Russell', 'Kareem', 'Florinda', 'Audie', 'Marion', 'Percy', 'Sharla', 'Merrill', 'Hui', 'In', 'Leontine', 'Loren']
['Juliet']
['Kitty', 'Ocie', 'Kasey', 'Naida', 'Eustolia', 'Marquis', 'Tamisha', 'Emmanuel', 'Stephani', 'Marvis', 'Rolando', 'Valorie', 'Joan', 'Robert', 'Alicia', 'Charisse', 'Raleigh', 'Honey', 'Jefferey', 'Tracie', 'Hillary', 'Debora', 'Miranda', 'Treena', 'Alane', 'Leila', 'Glenda', 'Irena', 'Adah', 'Delmar']
['Leonard']
['Leonida']
['Marcos']
['Milissa']
['Nicole', 'Hilario', 'Marci', 'Yevette', 'Byron', 'Kurtis', 'Chan', 'Zoraida', 'Tarah', 'Ok', 'Piedad', 'Kristopher', 'Jeremy', 'Tressa', 'Angeline', 'Clinton', 'Deana', 'Clarence', 'Darnell', 'Princess', 'Dorene', 'Saul', 'Pinkie', 'Darwin', 'Eugene', 'Tiffani', 'Zena', 'Kendall', 'Alexa', 'Millicent']
['Nohemi']
['Pa']
['Randall']
['Rita']
['Shaun']
['Sherwood', 'Lana', 'Kyung', 'Joanne', 'Martin', 'Elvia', 'Alethia', 'Bonnie', 'Rima', 'Garret', 'Lorelei', 'Savanna', 'Son', 'Laticia', 'Doyle', 'Caitlyn', 'Reita', 'Gisela', 'Margart', 'Odell', 'Aaron', 'Roxane', 'Kylie', 'Claretha', 'Laraine', 'Amada', 'Randa', 'Arcelia', 'Kimbra', 'Rachael']
['Stanford']
['Susan']
['Susannah']
['Vada']
['Vernia', 'Flavia', 'Glenna', 'Charmaine', 'Orval', 'Meagan', 'Eloisa', 'Lezlie', 'Annamarie', 'Aretha', 'Kim', 'Rosalee', 'Rosalba', 'Travis', 'Ella', 'Bertha', 'Jami', 'Hassan', 'Nieves', 'Leilani', 'Alvin', 'Lauren', 'Logan', 'Verona', 'Porter', 'Chang', 'Riley', 'Gerard', 'Griselda', 'Kelly']
