['AEXQY', 'FQYNK', 'FIIIX', 'HOCJP', 'VUTIQ', 'PPBBM', 'PEIBF', 'UDFVU', 'SUNJN', 'MMHOG', 'SHEUT', 'KIEKF', 'RSYQC', 'NSSHB', 'VZFUK', 'DRVVY', 'FCFIW', 'ZUYFN', 'BFHEV', 'JGIMA', 'MRNHH', 'UDEWT', 'JFOPY', 'EPEAQ', 'GBEQY']
['ALNHK', 'SLYUO', 'GKPPL', 'KTXRI', 'RAAAY', 'JRNKY', 'XVOGO', 'DNOMK', 'LGPGN', 'HAYKV', 'LQJNK', 'LEYDX', 'IVYZR', 'PDNXQ', 'XQQNM']
['BKFQR', 'PPAYR', 'VBXTL', 'JPWDA', 'LCGFN', 'JFKWJ', 'WHBFR', 'RMHZI', 'KXFFP', 'XQYCU', 'EBQJA', 'SURGB', 'TJLUN', 'CYRFR', 'WNGHY', 'QBGLN', 'DPJHM', 'JLTJR', 'QFZCO', 'REVQE', 'VYUHL', 'GRIBM', 'RWOPE', 'DQJYE', 'YVULZ']
['CASYZ']
['EAHZI']
['ERXLL', 'VQUBW', 'NCXIY', 'PPGSA', 'NMWYK', 'VFXSF', 'DBXJE', 'RUSXV', 'ELRTK', 'FWTXB', 'OJTYX', 'ENHUS', 'DWCIC', 'BBIGY', 'HAKPT', 'AQEWE', 'AAEBS', 'SPSXT', 'HKSDK', 'NKEPZ', 'RFDDK', 'ASGXO', 'FFZNI', 'IOHXF', 'BSOUP']
['FIBZD']
['FYAYI', 'BBDFQ', 'TMCLZ', 'HZGVK', 'CWKNX', 'GKLKQ', 'XBVDI', 'BCKDA', 'IYGUJ', 'QQCGU', 'IHIWD', 'LYSRO', 'NCWPX', 'RCWOS', 'CWZDH', 'HAPCQ', 'CSGGY', 'ABQJV', 'DBPXU', 'NNLIE', 'CZQAC', 'NPJSC', 'SDCRN', 'VISUM', 'QVEIA']
['HGAWC', 'CZNRV', 'VZNGS', 'FKSNY', 'ELBRQ', 'TJTMV', 'RQZDB', 'RNMID', 'WGNBW', 'ZXEUD', 'QNXTS', 'JLETC', 'EFRTR', 'OHEWR', 'UMQRP', 'KEPXD', 'IAASE', 'RKMOC', 'FSYHN', 'QZGLO', 'PQYKQ', 'QACAX', 'TLKIE', 'DREMQ', 'FESAS']
['IPMBX', 'HXGTU', 'IYMNE', 'REFDA', 'FMMZU', 'LJQBN', 'EYYNC', 'WAZOJ', 'VMRKJ', 'OEEYW', 'KSGPB', 'CRKWH', 'LCYZY', 'EGYBS', 'JJDHO', 'AXIHL', 'BNPMH', 'PCOTH', 'JMPSL', 'XDBSH', 'LPRGT', 'PKUWP', 'VFWVV', 'QSAIM', 'AIWJE']
['JWNLZ', 'DWGDE', 'TQUPW', 'KEUTQ', 'SMDTK', 'OZSQX', 'ZKMSA', 'ZOHDS', 'GUJWW', 'EIREK', 'RZJZX', 'YTVYR', 'UPNVV', 'IXEZM', 'OPZLD', 'BXGAG', 'NLQQX', 'SEUJM', 'KBDMG', 'GZWND', 'GJCQK', 'OVNTP', 'UZTYA', 'VWLQP', 'FSIEJ']
['KFWQL', 'VSARS', 'VNIQM', 'QFSQF', 'GKOUL', 'HVAAR', 'GNDQJ', 'JXKSJ', 'OYGNB', 'GFWZF', 'YMAKV', 'KDZDK', 'XADCG', 'EIALG', 'OMNEY', 'MBBZL', 'CRSZF', 'QHQUF', 'UEFBC', 'EFPNV', 'VNNEP', 'QJUJE', 'MQWLN', 'FWKYL', 'XOUQG']
['KGDBH', 'PADSR', 'GPHCZ', 'VGTYI', 'UQJJY', 'SCMKV', 'DOYMU', 'SOVUQ', 'WNDOP', 'PBEOM', 'XZTVE', 'QLDQR', 'JDDRN', 'FHCPP', 'YTXXV', 'QJRDV', 'CCHLM', 'XLWDU', 'UHIOD', 'IUTYE', 'FXFHY', 'VXNNV', 'MSZXR', 'WLODL', 'TYYLF']
['LMZAF']
['MIMWO', 'QMBKL', 'EWIJA', 'URMYA', 'GWEZA', 'XYABI', 'FMFZO', 'JPLIB', 'ENWEC', 'EHCWU', 'YYNPW', 'WEYKU', 'YQBLY', 'GPKTZ', 'ILRGH', 'ZOVBE', 'RRFYM', 'ZNEQL', 'WMAOH', 'RVMXY', 'MQEVZ', 'STJMV', 'GPAYG', 'QXETJ', 'UHFXM']
['NLPHM']
['PARXO']
['PUJOM', 'KZBFF', 'FIPGX', 'DDGZR', 'RMNKI', 'NHZCJ', 'MCVPN', 'TARGC', 'PSMNV', 'AXICB', 'AEHLI', 'ZSYGC', 'ZLMYN', 'YRTTG', 'JCWPV', 'WZJYQ', 'KDMQW', 'IEEVC', 'POYSB', 'VSEBO', 'QSIZR', 'NRRFB', 'SEJRA', 'TLAOJ', 'JECON']
['ROVKN', 'DYIYS', 'VQTXV', 'DFZLH', 'XIGOI', 'YSBTR', 'NMUXG', 'SYRST', 'XTFTT', 'QBYJR', 'FKMPO', 'LMDUZ', 'IQLHD', 'FBZDZ', 'HUNXU', 'TEYRZ', 'YPRRC', 'TKEWX', 'AALPZ', 'LVMLT', 'PUFAY', 'VLACB', 'XHKTV', 'BWKXY', 'SAOVB']
['TDICM', 'RSFHX', 'BEFRL', 'SUEUT', 'PKECO', 'ABAQL', 'FRHWO', 'BHFJC', 'PRFNT', 'PHXOS', 'QYCKH', 'KQZVU', 'VLXZD', 'OYLVF', 'DOXUP', 'WNBOI', 'YTTKI', 'JGGQM', 'RRDGL', 'DFNDO', 'WEDAM', 'GRUYQ', 'KEDYT', 'RLKNU', 'VGWZF']
['TJFHX', 'AHXXM', 'NEQMO', 'NGBWQ', 'UXUZX', 'CXMEP', 'GDZSX', 'NHBOU', 'SIWEE', 'LBYAL', 'CSILO', 'ZYEMW', 'CHCYT', 'ZRLGV', 'FYSSP', 'WTAGZ', 'BCTKV', 'DJQYY', 'DAPHY', 'JTKTH', 'GAUGX', 'UOYAH', 'FIUZZ', 'SWZLI', 'GAQXI']
['UNSUE', 'GJYBX', 'MLWLT', 'METWY', 'LHFOM', 'XOUQM', 'UMQSO', 'XQUPB', 'UTYHJ', 'ZMWJB', 'SPROB', 'WWCYP', 'RDCHE', 'MCXWP', 'OXZCV', 'NZAXS', 'GUJWH', 'RWIWJ', 'SSWHW', 'PAVOS', 'QUGAX', 'KRMMY', 'POXWS', 'WTMZW', 'PQEKQ']
['VCMUY']
['VKHOX']
['VUPAV', 'KCPYN', 'ZMCMD', 'NKLCQ', 'MTXFY', 'XMZUX', 'LYFLA', 'NZQNY', 'BMNGE', 'RISKG', 'LFYYV', 'FRVNO', 'JGBOH', 'BOOKC', 'TIZZI', 'WFPUN', 'FPFHY', 'NLQWV', 'GUGKR', 'GKYTD', 'DTPHQ', 'MUUIL', 'LESUW', 'LQGAI', 'TPIXY']
['VUZHE', 'XYVAU', 'LRCXZ', 'SLHLJ', 'KCWNV', 'UYUIP', 'TPIHD', 'BXGFY', 'IDOHH', 'SEVGN', 'VKBEF', 'IBFSE', 'TWVAR', 'STZIM', 'ZRFKN', 'YHWVK', 'BHECC', 'OBCSZ', 'ZCMCP', 'EXERI', 'XMJJP', 'GXAOE', 'YVMFJ', 'NZQKM', 'YKOFS']
['XGCQB', 'HIBFR', 'BREAU', 'ADKIG', 'DUQLN', 'SACPU', 'CYMCE', 'PREHL', 'YIQHC', 'DZGQX', 'CALHI', 'XGXRC', 'XPMAC', 'ZPWCF', 'OENOT', 'BVKPC', 'CYVWU', 'AUIRW', 'QMJUD', 'SSZXS', 'JEHBC', 'YPSZJ', 'AZDHE', 'FLAIE', 'USRDK']
['ZNTDR', 'PBAWW', 'VVMSW', 'PUWYW', 'NCCJD', 'JAGAT', 'JCTBB', 'JMNIF', 'CTLHM', 'UTQPU', 'HDFES', 'EXSFL', 'JCAYK', 'IPLJJ', 'PDSZU', 'HKBNA', 'ZZKGQ', 'NTGQJ', 'VHWPC']
